#
# There is insufficient memory for the Java Runtime Environment to continue.
# Native memory allocation (malloc) failed to allocate 1119856 bytes for Chunk::new
# Possible reasons:
#   The system is out of physical RAM or swap space
#   The process is running with CompressedOops enabled, and the Java Heap may be blocking the growth of the native heap
# Possible solutions:
#   Reduce memory load on the system
#   Increase physical memory or swap space
#   Check if swap backing store is full
#   Decrease Java heap size (-Xmx/-Xms)
#   Decrease number of Java threads
#   Decrease Java thread stack sizes (-Xss)
#   Set larger code cache with -XX:ReservedCodeCacheSize=
#   JVM is running with Unscaled Compressed Oops mode in which the Java heap is
#     placed in the first 4GB address space. The Java Heap base address is the
#     maximum limit for the native heap growth. Please use -XX:HeapBaseMinAddress
#     to set the Java Heap base and to place the Java Heap above 4GB virtual address.
# This output file may be truncated or incomplete.
#
#  Out of Memory Error (arena.cpp:189), pid=96392, tid=96424
#
# JRE version: OpenJDK Runtime Environment Temurin-17.0.3+7 (17.0.3+7) (build 17.0.3+7)
# Java VM: OpenJDK 64-Bit Server VM Temurin-17.0.3+7 (17.0.3+7, mixed mode, tiered, compressed oops, compressed class ptrs, parallel gc, windows-amd64)
# No core dump will be written. Minidumps are not enabled by default on client versions of Windows
#

---------------  S U M M A R Y ------------

Command Line: --add-modules=ALL-SYSTEM --add-opens=java.base/java.util=ALL-UNNAMED --add-opens=java.base/java.lang=ALL-UNNAMED --add-opens=java.base/sun.nio.fs=ALL-UNNAMED -Declipse.application=org.eclipse.jdt.ls.core.id1 -Dosgi.bundles.defaultStartLevel=4 -Declipse.product=org.eclipse.jdt.ls.core.product -Djava.import.generatesMetadataFilesAtProjectRoot=false -Dfile.encoding=utf8 -DwatchParentProcess=false -XX:+UseParallelGC -XX:GCTimeRatio=4 -XX:AdaptiveSizePolicyWeight=90 -Dsun.zip.disableMemoryMapping=true -Xmx1G -Xms100m c:\Users\Regna\.vscode\extensions\redhat.java-1.8.0-win32-x64\server\plugins\org.eclipse.equinox.launcher_1.6.400.v20210924-0641.jar -configuration c:\Users\Regna\AppData\Roaming\Code\User\globalStorage\redhat.java\1.8.0\config_ss_win -data c:\Users\Regna\AppData\Roaming\Code\User\workspaceStorage\b94b6f5e0ff8d91ceb3ad771831e204b\redhat.java\ss_ws

Host: AMD Ryzen 5 5500U with Radeon Graphics         , 12 cores, 5G,  Windows 11 , 64 bit Build 22000 (10.0.22000.708)
Time: Wed Jul 20 18:28:40 2022 Hora oficial do Brasil elapsed time: 3.356497 seconds (0d 0h 0m 3s)

---------------  T H R E A D  ---------------

Current thread (0x0000029c562b0c00):  JavaThread "C2 CompilerThread0" daemon [_thread_in_native, id=96424, stack(0x000000b968b00000,0x000000b968c00000)]


Current CompileTask:
C2:   3356 2955   !   4       java.nio.file.FileTreeWalker::next (144 bytes)

Stack: [0x000000b968b00000,0x000000b968c00000]
Native frames: (J=compiled Java code, j=interpreted, Vv=VM code, C=native code)
V  [jvm.dll+0x675efa]
V  [jvm.dll+0x830a24]
V  [jvm.dll+0x8321ce]
V  [jvm.dll+0x832833]
V  [jvm.dll+0x2454b5]
V  [jvm.dll+0xabd7b]
V  [jvm.dll+0xac30c]
V  [jvm.dll+0x3635d2]
V  [jvm.dll+0x32dca1]
V  [jvm.dll+0x32d14a]
V  [jvm.dll+0x218361]
V  [jvm.dll+0x217781]
V  [jvm.dll+0x1a3ccd]
V  [jvm.dll+0x227178]
V  [jvm.dll+0x2252bc]
V  [jvm.dll+0x7e673b]
V  [jvm.dll+0x7e0cfa]
V  [jvm.dll+0x674d85]
C  [ucrtbase.dll+0x26c0c]
C  [KERNEL32.DLL+0x154e0]
C  [ntdll.dll+0x485b]


---------------  P R O C E S S  ---------------

Threads class SMR info:
_java_thread_list=0x0000029c58ecfbb0, length=22, elements={
0x0000029c40723dd0, 0x0000029c545a3980, 0x0000029c56285020, 0x0000029c545aaed0,
0x0000029c545ab790, 0x0000029c545ae560, 0x0000029c562ae000, 0x0000029c562b0c00,
0x0000029c562b4a00, 0x0000029c562b5300, 0x0000029c407e0f70, 0x0000029c5658b290,
0x0000029c57a2c930, 0x0000029c57aaf2f0, 0x0000029c57a9fb90, 0x0000029c57a79180,
0x0000029c57ba3030, 0x0000029c588c9b20, 0x0000029c57ab15d0, 0x0000029c57ab1aa0,
0x0000029c57ab3c50, 0x0000029c57ab0c30
}

Java Threads: ( => current thread )
  0x0000029c40723dd0 JavaThread "main" [_thread_blocked, id=96556, stack(0x000000b968200000,0x000000b968300000)]
  0x0000029c545a3980 JavaThread "Reference Handler" daemon [_thread_blocked, id=96484, stack(0x000000b968500000,0x000000b968600000)]
  0x0000029c56285020 JavaThread "Finalizer" daemon [_thread_blocked, id=96480, stack(0x000000b968600000,0x000000b968700000)]
  0x0000029c545aaed0 JavaThread "Signal Dispatcher" daemon [_thread_blocked, id=96460, stack(0x000000b968700000,0x000000b968800000)]
  0x0000029c545ab790 JavaThread "Attach Listener" daemon [_thread_blocked, id=96464, stack(0x000000b968800000,0x000000b968900000)]
  0x0000029c545ae560 JavaThread "Service Thread" daemon [_thread_blocked, id=96488, stack(0x000000b968900000,0x000000b968a00000)]
  0x0000029c562ae000 JavaThread "Monitor Deflation Thread" daemon [_thread_blocked, id=96476, stack(0x000000b968a00000,0x000000b968b00000)]
=>0x0000029c562b0c00 JavaThread "C2 CompilerThread0" daemon [_thread_in_native, id=96424, stack(0x000000b968b00000,0x000000b968c00000)]
  0x0000029c562b4a00 JavaThread "C1 CompilerThread0" daemon [_thread_blocked, id=96468, stack(0x000000b968c00000,0x000000b968d00000)]
  0x0000029c562b5300 JavaThread "Sweeper thread" daemon [_thread_blocked, id=96444, stack(0x000000b968d00000,0x000000b968e00000)]
  0x0000029c407e0f70 JavaThread "Common-Cleaner" daemon [_thread_blocked, id=96564, stack(0x000000b968e00000,0x000000b968f00000)]
  0x0000029c5658b290 JavaThread "Notification Thread" daemon [_thread_blocked, id=96560, stack(0x000000b968f00000,0x000000b969000000)]
  0x0000029c57a2c930 JavaThread "Active Thread: Equinox Container: 83e03b1f-043a-4f0f-a687-2e5edee7c14b" [_thread_blocked, id=96604, stack(0x000000b969100000,0x000000b969200000)]
  0x0000029c57aaf2f0 JavaThread "Framework Event Dispatcher: Equinox Container: 83e03b1f-043a-4f0f-a687-2e5edee7c14b" daemon [_thread_blocked, id=96576, stack(0x000000b969200000,0x000000b969300000)]
  0x0000029c57a9fb90 JavaThread "Start Level: Equinox Container: 83e03b1f-043a-4f0f-a687-2e5edee7c14b" daemon [_thread_blocked, id=96492, stack(0x000000b969300000,0x000000b969400000)]
  0x0000029c57a79180 JavaThread "SCR Component Actor" daemon [_thread_blocked, id=96648, stack(0x000000b969400000,0x000000b969500000)]
  0x0000029c57ba3030 JavaThread "Timer-0" [_thread_blocked, id=96700, stack(0x000000b969b00000,0x000000b969c00000)]
  0x0000029c588c9b20 JavaThread "Worker-JM" [_thread_blocked, id=13512, stack(0x000000b969c00000,0x000000b969d00000)]
  0x0000029c57ab15d0 JavaThread "Worker-0" [_thread_blocked, id=54112, stack(0x000000b969d00000,0x000000b969e00000)]
  0x0000029c57ab1aa0 JavaThread "Worker-1" [_thread_blocked, id=69736, stack(0x000000b969e00000,0x000000b969f00000)]
  0x0000029c57ab3c50 JavaThread "Worker-2" [_thread_blocked, id=93752, stack(0x000000b96a200000,0x000000b96a300000)]
  0x0000029c57ab0c30 JavaThread "pool-1-thread-1" [_thread_in_native_trans, id=56932, stack(0x000000b96a300000,0x000000b96a400000)]

Other Threads:
  0x0000029c56271b40 VMThread "VM Thread" [stack: 0x000000b968400000,0x000000b968500000] [id=96428]
  0x0000029c5658b760 WatcherThread [stack: 0x000000b969000000,0x000000b969100000] [id=96508]
  0x0000029c40739770 GCTaskThread "GC Thread#0" [stack: 0x000000b968300000,0x000000b968400000] [id=96500]
  0x0000029c57a79650 GCTaskThread "GC Thread#1" [stack: 0x000000b969500000,0x000000b969600000] [id=96644]
  0x0000029c57aacc30 GCTaskThread "GC Thread#2" [stack: 0x000000b969600000,0x000000b969700000] [id=96640]
  0x0000029c57a76e80 GCTaskThread "GC Thread#3" [stack: 0x000000b969700000,0x000000b969800000] [id=96724]
  0x0000029c57d3f420 GCTaskThread "GC Thread#4" [stack: 0x000000b969800000,0x000000b969900000] [id=96720]
  0x0000029c576a73c0 GCTaskThread "GC Thread#5" [stack: 0x000000b969900000,0x000000b969a00000] [id=96716]
  0x0000029c57d4c6b0 GCTaskThread "GC Thread#6" [stack: 0x000000b969a00000,0x000000b969b00000] [id=96704]
  0x0000029c58a9afe0 GCTaskThread "GC Thread#7" [stack: 0x000000b969f00000,0x000000b96a000000] [id=94188]
  0x0000029c58995e20 GCTaskThread "GC Thread#8" [stack: 0x000000b96a000000,0x000000b96a100000] [id=92768]
  0x0000029c589960d0 GCTaskThread "GC Thread#9" [stack: 0x000000b96a100000,0x000000b96a200000] [id=91316]

Threads with active compile tasks:
C2 CompilerThread0     3378 2955   !   4       java.nio.file.FileTreeWalker::next (144 bytes)

VM state: not at safepoint (normal execution)

VM Mutex/Monitor currently owned by a thread: None

Heap address: 0x00000000c0000000, size: 1024 MB, Compressed Oops mode: 32-bit

CDS archive(s) not mapped
Compressed class space mapped at: 0x0000000100000000-0x0000000140000000, reserved size: 1073741824
Narrow klass base: 0x0000000000000000, Narrow klass shift: 3, Narrow klass range: 0x140000000

GC Precious Log:
 CPUs: 12 total, 12 available
 Memory: 6005M
 Large Page Support: Disabled
 NUMA Support: Disabled
 Compressed Oops: Enabled (32-bit)
 Alignments: Space 512K, Generation 512K, Heap 2M
 Heap Min Capacity: 100M
 Heap Initial Capacity: 100M
 Heap Max Capacity: 1G
 Pre-touch: Disabled
 Parallel Workers: 10

Heap:
 PSYoungGen      total 31744K, used 12159K [0x00000000eab00000, 0x00000000ed500000, 0x0000000100000000)
  eden space 23552K, 17% used [0x00000000eab00000,0x00000000eaef7eb8,0x00000000ec200000)
  from space 8192K, 98% used [0x00000000ecd00000,0x00000000ed4e8020,0x00000000ed500000)
  to   space 8704K, 0% used [0x00000000ec400000,0x00000000ec400000,0x00000000ecc80000)
 ParOldGen       total 68608K, used 13992K [0x00000000c0000000, 0x00000000c4300000, 0x00000000eab00000)
  object space 68608K, 20% used [0x00000000c0000000,0x00000000c0daa068,0x00000000c4300000)
 Metaspace       used 34647K, committed 35328K, reserved 1081344K
  class space    used 3555K, committed 3840K, reserved 1048576K

Card table byte_map: [0x0000029c400e0000,0x0000029c402f0000] _byte_map_base: 0x0000029c3fae0000

Marking Bits: (ParMarkBitMap*) 0x00007ff910e74b80
 Begin Bits: [0x0000029c523b0000, 0x0000029c533b0000)
 End Bits:   [0x0000029c533b0000, 0x0000029c543b0000)

Polling page: 0x0000029c3e660000

Metaspace:

Usage:
  Non-class:     30.36 MB used.
      Class:      3.47 MB used.
       Both:     33.84 MB used.

Virtual space:
  Non-class space:       32.00 MB reserved,      30.75 MB ( 96%) committed,  4 nodes.
      Class space:        1.00 GB reserved,       3.75 MB ( <1%) committed,  1 nodes.
             Both:        1.03 GB reserved,      34.50 MB (  3%) committed. 

Chunk freelists:
   Non-Class:  1.30 MB
       Class:  225.00 KB
        Both:  1.52 MB

MaxMetaspaceSize: unlimited
CompressedClassSpaceSize: 1.00 GB
Initial GC threshold: 21.00 MB
Current GC threshold: 35.00 MB
CDS: off
MetaspaceReclaimPolicy: balanced
 - commit_granule_bytes: 65536.
 - commit_granule_words: 8192.
 - virtual_space_node_default_size: 1048576.
 - enlarge_chunks_in_place: 1.
 - new_chunks_are_fully_committed: 0.
 - uncommit_free_chunks: 1.
 - use_allocation_guard: 0.
 - handle_deallocations: 1.


Internal statistics:

num_allocs_failed_limit: 3.
num_arena_births: 226.
num_arena_deaths: 0.
num_vsnodes_births: 5.
num_vsnodes_deaths: 0.
num_space_committed: 552.
num_space_uncommitted: 0.
num_chunks_returned_to_freelist: 3.
num_chunks_taken_from_freelist: 1242.
num_chunk_merges: 3.
num_chunk_splits: 851.
num_chunks_enlarged: 614.
num_purges: 0.
num_inconsistent_stats: 0.

CodeHeap 'non-profiled nmethods': size=120000Kb used=1094Kb max_used=1094Kb free=118905Kb
 bounds [0x0000029c4ae80000, 0x0000029c4b0f0000, 0x0000029c523b0000]
CodeHeap 'profiled nmethods': size=120000Kb used=6152Kb max_used=6152Kb free=113847Kb
 bounds [0x0000029c43950000, 0x0000029c43f60000, 0x0000029c4ae80000]
CodeHeap 'non-nmethods': size=5760Kb used=1257Kb max_used=1284Kb free=4502Kb
 bounds [0x0000029c433b0000, 0x0000029c43620000, 0x0000029c43950000]
 total_blobs=3637 nmethods=3066 adapters=484
 compilation: enabled
              stopped_count=0, restarted_count=0
 full_count=0

Compilation events (20 events):
Event: 3.339 Thread 0x0000029c562b4a00 3111       2       jdk.internal.jimage.BasicImageReader::verifyLocation (39 bytes)
Event: 3.340 Thread 0x0000029c562b4a00 nmethod 3111 0x0000029c43f4d690 code [0x0000029c43f4d840, 0x0000029c43f4da08]
Event: 3.340 Thread 0x0000029c562b4a00 3112       2       java.lang.Integer::parseInt (264 bytes)
Event: 3.341 Thread 0x0000029c562b4a00 nmethod 3112 0x0000029c43f4db10 code [0x0000029c43f4de40, 0x0000029c43f4eaf8]
Event: 3.341 Thread 0x0000029c562b4a00 3120       2       org.eclipse.jdt.internal.compiler.util.HashtableOfInt::put (95 bytes)
Event: 3.342 Thread 0x0000029c562b4a00 nmethod 3120 0x0000029c43f4f390 code [0x0000029c43f4f560, 0x0000029c43f4f908]
Event: 3.342 Thread 0x0000029c562b4a00 3115       2       sun.util.ResourceBundleEnumeration::hasMoreElements (117 bytes)
Event: 3.342 Thread 0x0000029c562b4a00 nmethod 3115 0x0000029c43f4fb90 code [0x0000029c43f4fd80, 0x0000029c43f50168]
Event: 3.342 Thread 0x0000029c562b4a00 3113       2       java.util.ResourceBundle::getObject (82 bytes)
Event: 3.343 Thread 0x0000029c562b4a00 nmethod 3113 0x0000029c43f50310 code [0x0000029c43f50540, 0x0000029c43f509b8]
Event: 3.343 Thread 0x0000029c562b4a00 3114       2       java.util.ResourceBundle::getString (9 bytes)
Event: 3.343 Thread 0x0000029c562b4a00 nmethod 3114 0x0000029c43f50c90 code [0x0000029c43f50e20, 0x0000029c43f50f68]
Event: 3.343 Thread 0x0000029c562b4a00 3116       2       java.util.PropertyResourceBundle::handleGetObject (23 bytes)
Event: 3.343 Thread 0x0000029c562b4a00 nmethod 3116 0x0000029c43f51010 code [0x0000029c43f511c0, 0x0000029c43f51398]
Event: 3.343 Thread 0x0000029c562b4a00 3117       2       sun.util.ResourceBundleEnumeration::nextElement (5 bytes)
Event: 3.343 Thread 0x0000029c562b4a00 nmethod 3117 0x0000029c43f51490 code [0x0000029c43f51640, 0x0000029c43f51858]
Event: 3.343 Thread 0x0000029c562b4a00 3118       2       sun.util.ResourceBundleEnumeration::nextElement (27 bytes)
Event: 3.343 Thread 0x0000029c562b4a00 nmethod 3118 0x0000029c43f51990 code [0x0000029c43f51b40, 0x0000029c43f51d58]
Event: 3.343 Thread 0x0000029c562b4a00 3119       2       org.eclipse.jdt.internal.compiler.problem.DefaultProblemFactory::keyFromID (4 bytes)
Event: 3.343 Thread 0x0000029c562b4a00 nmethod 3119 0x0000029c43f51e90 code [0x0000029c43f52020, 0x0000029c43f52118]

GC Heap History (18 events):
Event: 0.774 GC heap before
{Heap before GC invocations=1 (full 0):
 PSYoungGen      total 29696K, used 25600K [0x00000000eab00000, 0x00000000ecc00000, 0x0000000100000000)
  eden space 25600K, 100% used [0x00000000eab00000,0x00000000ec400000,0x00000000ec400000)
  from space 4096K, 0% used [0x00000000ec800000,0x00000000ec800000,0x00000000ecc00000)
  to   space 4096K, 0% used [0x00000000ec400000,0x00000000ec400000,0x00000000ec800000)
 ParOldGen       total 68608K, used 0K [0x00000000c0000000, 0x00000000c4300000, 0x00000000eab00000)
  object space 68608K, 0% used [0x00000000c0000000,0x00000000c0000000,0x00000000c4300000)
 Metaspace       used 13039K, committed 13248K, reserved 1064960K
  class space    used 1319K, committed 1408K, reserved 1048576K
}
Event: 0.779 GC heap after
{Heap after GC invocations=1 (full 0):
 PSYoungGen      total 29696K, used 4072K [0x00000000eab00000, 0x00000000ecc00000, 0x0000000100000000)
  eden space 25600K, 0% used [0x00000000eab00000,0x00000000eab00000,0x00000000ec400000)
  from space 4096K, 99% used [0x00000000ec400000,0x00000000ec7fa2f8,0x00000000ec800000)
  to   space 4096K, 0% used [0x00000000ec800000,0x00000000ec800000,0x00000000ecc00000)
 ParOldGen       total 68608K, used 24K [0x00000000c0000000, 0x00000000c4300000, 0x00000000eab00000)
  object space 68608K, 0% used [0x00000000c0000000,0x00000000c0006000,0x00000000c4300000)
 Metaspace       used 13039K, committed 13248K, reserved 1064960K
  class space    used 1319K, committed 1408K, reserved 1048576K
}
Event: 1.445 GC heap before
{Heap before GC invocations=2 (full 0):
 PSYoungGen      total 29696K, used 21936K [0x00000000eab00000, 0x00000000ecc00000, 0x0000000100000000)
  eden space 25600K, 69% used [0x00000000eab00000,0x00000000ebc71e08,0x00000000ec400000)
  from space 4096K, 99% used [0x00000000ec400000,0x00000000ec7fa2f8,0x00000000ec800000)
  to   space 4096K, 0% used [0x00000000ec800000,0x00000000ec800000,0x00000000ecc00000)
 ParOldGen       total 68608K, used 24K [0x00000000c0000000, 0x00000000c4300000, 0x00000000eab00000)
  object space 68608K, 0% used [0x00000000c0000000,0x00000000c0006000,0x00000000c4300000)
 Metaspace       used 21152K, committed 21504K, reserved 1073152K
  class space    used 2151K, committed 2304K, reserved 1048576K
}
Event: 1.453 GC heap after
{Heap after GC invocations=2 (full 0):
 PSYoungGen      total 29696K, used 4076K [0x00000000eab00000, 0x00000000ecc00000, 0x0000000100000000)
  eden space 25600K, 0% used [0x00000000eab00000,0x00000000eab00000,0x00000000ec400000)
  from space 4096K, 99% used [0x00000000ec800000,0x00000000ecbfb398,0x00000000ecc00000)
  to   space 4096K, 0% used [0x00000000ec400000,0x00000000ec400000,0x00000000ec800000)
 ParOldGen       total 68608K, used 2692K [0x00000000c0000000, 0x00000000c4300000, 0x00000000eab00000)
  object space 68608K, 3% used [0x00000000c0000000,0x00000000c02a12b8,0x00000000c4300000)
 Metaspace       used 21152K, committed 21504K, reserved 1073152K
  class space    used 2151K, committed 2304K, reserved 1048576K
}
Event: 1.453 GC heap before
{Heap before GC invocations=3 (full 1):
 PSYoungGen      total 29696K, used 4076K [0x00000000eab00000, 0x00000000ecc00000, 0x0000000100000000)
  eden space 25600K, 0% used [0x00000000eab00000,0x00000000eab00000,0x00000000ec400000)
  from space 4096K, 99% used [0x00000000ec800000,0x00000000ecbfb398,0x00000000ecc00000)
  to   space 4096K, 0% used [0x00000000ec400000,0x00000000ec400000,0x00000000ec800000)
 ParOldGen       total 68608K, used 2692K [0x00000000c0000000, 0x00000000c4300000, 0x00000000eab00000)
  object space 68608K, 3% used [0x00000000c0000000,0x00000000c02a12b8,0x00000000c4300000)
 Metaspace       used 21152K, committed 21504K, reserved 1073152K
  class space    used 2151K, committed 2304K, reserved 1048576K
}
Event: 1.467 GC heap after
{Heap after GC invocations=3 (full 1):
 PSYoungGen      total 29696K, used 0K [0x00000000eab00000, 0x00000000ecc00000, 0x0000000100000000)
  eden space 25600K, 0% used [0x00000000eab00000,0x00000000eab00000,0x00000000ec400000)
  from space 4096K, 0% used [0x00000000ec800000,0x00000000ec800000,0x00000000ecc00000)
  to   space 4096K, 0% used [0x00000000ec400000,0x00000000ec400000,0x00000000ec800000)
 ParOldGen       total 68608K, used 6646K [0x00000000c0000000, 0x00000000c4300000, 0x00000000eab00000)
  object space 68608K, 9% used [0x00000000c0000000,0x00000000c067d9f0,0x00000000c4300000)
 Metaspace       used 21152K, committed 21504K, reserved 1073152K
  class space    used 2151K, committed 2304K, reserved 1048576K
}
Event: 2.536 GC heap before
{Heap before GC invocations=4 (full 1):
 PSYoungGen      total 29696K, used 25600K [0x00000000eab00000, 0x00000000ecc00000, 0x0000000100000000)
  eden space 25600K, 100% used [0x00000000eab00000,0x00000000ec400000,0x00000000ec400000)
  from space 4096K, 0% used [0x00000000ec800000,0x00000000ec800000,0x00000000ecc00000)
  to   space 4096K, 0% used [0x00000000ec400000,0x00000000ec400000,0x00000000ec800000)
 ParOldGen       total 68608K, used 6646K [0x00000000c0000000, 0x00000000c4300000, 0x00000000eab00000)
  object space 68608K, 9% used [0x00000000c0000000,0x00000000c067d9f0,0x00000000c4300000)
 Metaspace       used 28428K, committed 28992K, reserved 1081344K
  class space    used 2816K, committed 3072K, reserved 1048576K
}
Event: 2.537 GC heap after
{Heap after GC invocations=4 (full 1):
 PSYoungGen      total 29696K, used 1934K [0x00000000eab00000, 0x00000000ecc00000, 0x0000000100000000)
  eden space 25600K, 0% used [0x00000000eab00000,0x00000000eab00000,0x00000000ec400000)
  from space 4096K, 47% used [0x00000000ec400000,0x00000000ec5e3a50,0x00000000ec800000)
  to   space 4096K, 0% used [0x00000000ec800000,0x00000000ec800000,0x00000000ecc00000)
 ParOldGen       total 68608K, used 6654K [0x00000000c0000000, 0x00000000c4300000, 0x00000000eab00000)
  object space 68608K, 9% used [0x00000000c0000000,0x00000000c067f9f0,0x00000000c4300000)
 Metaspace       used 28428K, committed 28992K, reserved 1081344K
  class space    used 2816K, committed 3072K, reserved 1048576K
}
Event: 2.967 GC heap before
{Heap before GC invocations=5 (full 1):
 PSYoungGen      total 29696K, used 27534K [0x00000000eab00000, 0x00000000ecc00000, 0x0000000100000000)
  eden space 25600K, 100% used [0x00000000eab00000,0x00000000ec400000,0x00000000ec400000)
  from space 4096K, 47% used [0x00000000ec400000,0x00000000ec5e3a50,0x00000000ec800000)
  to   space 4096K, 0% used [0x00000000ec800000,0x00000000ec800000,0x00000000ecc00000)
 ParOldGen       total 68608K, used 6654K [0x00000000c0000000, 0x00000000c4300000, 0x00000000eab00000)
  object space 68608K, 9% used [0x00000000c0000000,0x00000000c067f9f0,0x00000000c4300000)
 Metaspace       used 33247K, committed 33920K, reserved 1081344K
  class space    used 3395K, committed 3712K, reserved 1048576K
}
Event: 2.969 GC heap after
{Heap after GC invocations=5 (full 1):
 PSYoungGen      total 29696K, used 4065K [0x00000000eab00000, 0x00000000ecc00000, 0x0000000100000000)
  eden space 25600K, 0% used [0x00000000eab00000,0x00000000eab00000,0x00000000ec400000)
  from space 4096K, 99% used [0x00000000ec800000,0x00000000ecbf86a8,0x00000000ecc00000)
  to   space 4096K, 0% used [0x00000000ec400000,0x00000000ec400000,0x00000000ec800000)
 ParOldGen       total 68608K, used 6694K [0x00000000c0000000, 0x00000000c4300000, 0x00000000eab00000)
  object space 68608K, 9% used [0x00000000c0000000,0x00000000c06899f0,0x00000000c4300000)
 Metaspace       used 33247K, committed 33920K, reserved 1081344K
  class space    used 3395K, committed 3712K, reserved 1048576K
}
Event: 3.081 GC heap before
{Heap before GC invocations=6 (full 1):
 PSYoungGen      total 29696K, used 29665K [0x00000000eab00000, 0x00000000ecc00000, 0x0000000100000000)
  eden space 25600K, 100% used [0x00000000eab00000,0x00000000ec400000,0x00000000ec400000)
  from space 4096K, 99% used [0x00000000ec800000,0x00000000ecbf86a8,0x00000000ecc00000)
  to   space 4096K, 0% used [0x00000000ec400000,0x00000000ec400000,0x00000000ec800000)
 ParOldGen       total 68608K, used 6694K [0x00000000c0000000, 0x00000000c4300000, 0x00000000eab00000)
  object space 68608K, 9% used [0x00000000c0000000,0x00000000c06899f0,0x00000000c4300000)
 Metaspace       used 33429K, committed 34048K, reserved 1081344K
  class space    used 3414K, committed 3712K, reserved 1048576K
}
Event: 3.086 GC heap after
{Heap after GC invocations=6 (full 1):
 PSYoungGen      total 29184K, used 4081K [0x00000000eab00000, 0x00000000ed180000, 0x0000000100000000)
  eden space 25088K, 0% used [0x00000000eab00000,0x00000000eab00000,0x00000000ec380000)
  from space 4096K, 99% used [0x00000000ec400000,0x00000000ec7fc6a8,0x00000000ec800000)
  to   space 7168K, 0% used [0x00000000eca80000,0x00000000eca80000,0x00000000ed180000)
 ParOldGen       total 68608K, used 9070K [0x00000000c0000000, 0x00000000c4300000, 0x00000000eab00000)
  object space 68608K, 13% used [0x00000000c0000000,0x00000000c08dba10,0x00000000c4300000)
 Metaspace       used 33429K, committed 34048K, reserved 1081344K
  class space    used 3414K, committed 3712K, reserved 1048576K
}
Event: 3.145 GC heap before
{Heap before GC invocations=7 (full 1):
 PSYoungGen      total 29184K, used 29169K [0x00000000eab00000, 0x00000000ed180000, 0x0000000100000000)
  eden space 25088K, 100% used [0x00000000eab00000,0x00000000ec380000,0x00000000ec380000)
  from space 4096K, 99% used [0x00000000ec400000,0x00000000ec7fc6a8,0x00000000ec800000)
  to   space 7168K, 0% used [0x00000000eca80000,0x00000000eca80000,0x00000000ed180000)
 ParOldGen       total 68608K, used 9070K [0x00000000c0000000, 0x00000000c4300000, 0x00000000eab00000)
  object space 68608K, 13% used [0x00000000c0000000,0x00000000c08dba10,0x00000000c4300000)
 Metaspace       used 33489K, committed 34112K, reserved 1081344K
  class space    used 3426K, committed 3712K, reserved 1048576K
}
Event: 3.149 GC heap after
{Heap after GC invocations=7 (full 1):
 PSYoungGen      total 31744K, used 7165K [0x00000000eab00000, 0x00000000ed200000, 0x0000000100000000)
  eden space 24576K, 0% used [0x00000000eab00000,0x00000000eab00000,0x00000000ec300000)
  from space 7168K, 99% used [0x00000000eca80000,0x00000000ed17f610,0x00000000ed180000)
  to   space 7680K, 0% used [0x00000000ec300000,0x00000000ec300000,0x00000000eca80000)
 ParOldGen       total 68608K, used 9086K [0x00000000c0000000, 0x00000000c4300000, 0x00000000eab00000)
  object space 68608K, 13% used [0x00000000c0000000,0x00000000c08dfa10,0x00000000c4300000)
 Metaspace       used 33489K, committed 34112K, reserved 1081344K
  class space    used 3426K, committed 3712K, reserved 1048576K
}
Event: 3.191 GC heap before
{Heap before GC invocations=8 (full 1):
 PSYoungGen      total 31744K, used 31741K [0x00000000eab00000, 0x00000000ed200000, 0x0000000100000000)
  eden space 24576K, 100% used [0x00000000eab00000,0x00000000ec300000,0x00000000ec300000)
  from space 7168K, 99% used [0x00000000eca80000,0x00000000ed17f610,0x00000000ed180000)
  to   space 7680K, 0% used [0x00000000ec300000,0x00000000ec300000,0x00000000eca80000)
 ParOldGen       total 68608K, used 9086K [0x00000000c0000000, 0x00000000c4300000, 0x00000000eab00000)
  object space 68608K, 13% used [0x00000000c0000000,0x00000000c08dfa10,0x00000000c4300000)
 Metaspace       used 33489K, committed 34112K, reserved 1081344K
  class space    used 3426K, committed 3712K, reserved 1048576K
}
Event: 3.196 GC heap after
{Heap after GC invocations=8 (full 1):
 PSYoungGen      total 31744K, used 7673K [0x00000000eab00000, 0x00000000ed780000, 0x0000000100000000)
  eden space 24064K, 0% used [0x00000000eab00000,0x00000000eab00000,0x00000000ec280000)
  from space 7680K, 99% used [0x00000000ec300000,0x00000000eca7e770,0x00000000eca80000)
  to   space 10752K, 0% used [0x00000000ecd00000,0x00000000ecd00000,0x00000000ed780000)
 ParOldGen       total 68608K, used 11197K [0x00000000c0000000, 0x00000000c4300000, 0x00000000eab00000)
  object space 68608K, 16% used [0x00000000c0000000,0x00000000c0aef5b0,0x00000000c4300000)
 Metaspace       used 33489K, committed 34112K, reserved 1081344K
  class space    used 3426K, committed 3712K, reserved 1048576K
}
Event: 3.261 GC heap before
{Heap before GC invocations=9 (full 1):
 PSYoungGen      total 31744K, used 31686K [0x00000000eab00000, 0x00000000ed780000, 0x0000000100000000)
  eden space 24064K, 99% used [0x00000000eab00000,0x00000000ec273280,0x00000000ec280000)
  from space 7680K, 99% used [0x00000000ec300000,0x00000000eca7e770,0x00000000eca80000)
  to   space 10752K, 0% used [0x00000000ecd00000,0x00000000ecd00000,0x00000000ed780000)
 ParOldGen       total 68608K, used 11197K [0x00000000c0000000, 0x00000000c4300000, 0x00000000eab00000)
  object space 68608K, 16% used [0x00000000c0000000,0x00000000c0aef5b0,0x00000000c4300000)
 Metaspace       used 33605K, committed 34240K, reserved 1081344K
  class space    used 3436K, committed 3712K, reserved 1048576K
}
Event: 3.268 GC heap after
{Heap after GC invocations=9 (full 1):
 PSYoungGen      total 31744K, used 8096K [0x00000000eab00000, 0x00000000ed500000, 0x0000000100000000)
  eden space 23552K, 0% used [0x00000000eab00000,0x00000000eab00000,0x00000000ec200000)
  from space 8192K, 98% used [0x00000000ecd00000,0x00000000ed4e8020,0x00000000ed500000)
  to   space 8704K, 0% used [0x00000000ec400000,0x00000000ec400000,0x00000000ecc80000)
 ParOldGen       total 68608K, used 13992K [0x00000000c0000000, 0x00000000c4300000, 0x00000000eab00000)
  object space 68608K, 20% used [0x00000000c0000000,0x00000000c0daa068,0x00000000c4300000)
 Metaspace       used 33605K, committed 34240K, reserved 1081344K
  class space    used 3436K, committed 3712K, reserved 1048576K
}

Deoptimization events (20 events):
Event: 2.963 Thread 0x0000029c57ab15d0 DEOPT PACKING pc=0x0000029c43ecfa70 sp=0x000000b969dfdb90
Event: 2.963 Thread 0x0000029c57ab15d0 DEOPT UNPACKING pc=0x0000029c43402843 sp=0x000000b969dfd0a0 mode 0
Event: 2.966 Thread 0x0000029c57ab15d0 DEOPT PACKING pc=0x0000029c43ecfa70 sp=0x000000b969dfde00
Event: 2.966 Thread 0x0000029c57ab15d0 DEOPT UNPACKING pc=0x0000029c43402843 sp=0x000000b969dfd310 mode 0
Event: 3.017 Thread 0x0000029c57ab15d0 Uncommon trap: trap_request=0xffffff45 fr.pc=0x0000029c4af73ba4 relative=0x0000000000000264
Event: 3.017 Thread 0x0000029c57ab15d0 Uncommon trap: reason=unstable_if action=reinterpret pc=0x0000029c4af73ba4 method=java.util.HashMap.getNode(Ljava/lang/Object;)Ljava/util/HashMap$Node; @ 131 c2
Event: 3.018 Thread 0x0000029c57ab15d0 DEOPT PACKING pc=0x0000029c4af73ba4 sp=0x000000b969dfe0e0
Event: 3.018 Thread 0x0000029c57ab15d0 DEOPT UNPACKING pc=0x0000029c434020a3 sp=0x000000b969dfe000 mode 2
Event: 3.018 Thread 0x0000029c57ab15d0 Uncommon trap: trap_request=0xffffffde fr.pc=0x0000029c4af71288 relative=0x0000000000000a68
Event: 3.018 Thread 0x0000029c57ab15d0 Uncommon trap: reason=class_check action=maybe_recompile pc=0x0000029c4af71288 method=java.util.HashMap.putVal(ILjava/lang/Object;Ljava/lang/Object;ZZ)Ljava/lang/Object; @ 203 c2
Event: 3.018 Thread 0x0000029c57ab15d0 DEOPT PACKING pc=0x0000029c4af71288 sp=0x000000b969dfe120
Event: 3.018 Thread 0x0000029c57ab15d0 DEOPT UNPACKING pc=0x0000029c434020a3 sp=0x000000b969dfe028 mode 2
Event: 3.018 Thread 0x0000029c57ab15d0 Uncommon trap: trap_request=0xffffffde fr.pc=0x0000029c4af71288 relative=0x0000000000000a68
Event: 3.018 Thread 0x0000029c57ab15d0 Uncommon trap: reason=class_check action=maybe_recompile pc=0x0000029c4af71288 method=java.util.HashMap.putVal(ILjava/lang/Object;Ljava/lang/Object;ZZ)Ljava/lang/Object; @ 203 c2
Event: 3.018 Thread 0x0000029c57ab15d0 DEOPT PACKING pc=0x0000029c4af71288 sp=0x000000b969dfe080
Event: 3.018 Thread 0x0000029c57ab15d0 DEOPT UNPACKING pc=0x0000029c434020a3 sp=0x000000b969dfdf88 mode 2
Event: 3.035 Thread 0x0000029c57ab15d0 Uncommon trap: trap_request=0xffffff45 fr.pc=0x0000029c4af7305c relative=0x000000000000051c
Event: 3.035 Thread 0x0000029c57ab15d0 Uncommon trap: reason=unstable_if action=reinterpret pc=0x0000029c4af7305c method=java.util.HashMap.getNode(Ljava/lang/Object;)Ljava/util/HashMap$Node; @ 131 c2
Event: 3.035 Thread 0x0000029c57ab15d0 DEOPT PACKING pc=0x0000029c4af7305c sp=0x000000b969dfe0a0
Event: 3.035 Thread 0x0000029c57ab15d0 DEOPT UNPACKING pc=0x0000029c434020a3 sp=0x000000b969dfe020 mode 2

Classes unloaded (0 events):
No events

Classes redefined (0 events):
No events

Internal exceptions (20 events):
Event: 2.330 Thread 0x0000029c57a9fb90 Exception <a 'java/lang/NoSuchMethodError'{0x00000000ebece650}: 'java.lang.Object java.lang.invoke.DirectMethodHandle$Holder.invokeStaticInit(java.lang.Object, java.lang.Object, int, int, int, int)'> (0x00000000ebece650) 
thrown [e:\jenkins\tmp\workspace\build\src\src\hotspot\share\interpreter\linkResolver.cpp, line 766]
Event: 2.355 Thread 0x0000029c57a9fb90 Implicit null exception at 0x0000029c4af2b078 to 0x0000029c4af2bcec
Event: 2.375 Thread 0x0000029c57a9fb90 Exception <a 'java/lang/ClassNotFoundException'{0x00000000ebfcf5f0}: com/sun/org/apache/xml/internal/serializer/spi/XMLEntitiesProvider> (0x00000000ebfcf5f0) 
thrown [e:\jenkins\tmp\workspace\build\src\src\hotspot\share\classfile\systemDictionary.cpp, line 256]
Event: 2.436 Thread 0x0000029c57a9fb90 Exception <a 'java/io/FileNotFoundException'{0x00000000ec1d3228}> (0x00000000ec1d3228) 
thrown [e:\jenkins\tmp\workspace\build\src\src\hotspot\share\prims\jni.cpp, line 516]
Event: 2.521 Thread 0x0000029c57a9fb90 Exception <a 'java/lang/UnsatisfiedLinkError'{0x00000000ec31e390}: Não foi possível encontrar o procedimento especificado.
> (0x00000000ec31e390) 
thrown [e:\jenkins\tmp\workspace\build\src\src\hotspot\share\prims\jni.cpp, line 535]
Event: 2.526 Thread 0x0000029c57a9fb90 Exception <a 'java/io/FileNotFoundException'{0x00000000ec32a7d0}> (0x00000000ec32a7d0) 
thrown [e:\jenkins\tmp\workspace\build\src\src\hotspot\share\prims\jni.cpp, line 516]
Event: 2.531 Thread 0x0000029c57a9fb90 Exception <a 'java/io/FileNotFoundException'{0x00000000ec354bb0}> (0x00000000ec354bb0) 
thrown [e:\jenkins\tmp\workspace\build\src\src\hotspot\share\prims\jni.cpp, line 516]
Event: 2.543 Thread 0x0000029c57a9fb90 Exception <a 'java/lang/UnsatisfiedLinkError'{0x00000000eab5a038}: Não foi possível encontrar o procedimento especificado.
> (0x00000000eab5a038) 
thrown [e:\jenkins\tmp\workspace\build\src\src\hotspot\share\prims\jni.cpp, line 535]
Event: 2.575 Thread 0x0000029c40723dd0 Exception <a 'java/lang/NoSuchMethodError'{0x00000000ead24688}: 'void java.lang.invoke.DirectMethodHandle$Holder.invokeStatic(java.lang.Object, java.lang.Object, java.lang.Object, java.lang.Object)'> (0x00000000ead24688) 
thrown [e:\jenkins\tmp\workspace\build\src\src\hotspot\share\interpreter\linkResolver.cpp, line 766]
Event: 2.647 Thread 0x0000029c40723dd0 Exception <a 'java/lang/NoSuchMethodError'{0x00000000eb02f3e8}: 'void java.lang.invoke.DirectMethodHandle$Holder.invokeSpecial(java.lang.Object, java.lang.Object, java.lang.Object, java.lang.Object, java.lang.Object, java.lang.Object)'> (0x00000000eb02f3e8) 
thrown [e:\jenkins\tmp\workspace\build\src\src\hotspot\share\interpreter\linkResolver.cpp, line 766]
Event: 2.648 Thread 0x0000029c40723dd0 Exception <a 'java/lang/NoSuchMethodError'{0x00000000eb036e78}: 'java.lang.Object java.lang.invoke.DirectMethodHandle$Holder.newInvokeSpecial(java.lang.Object, java.lang.Object, java.lang.Object, java.lang.Object, java.lang.Object)'> (0x00000000eb036e78) 
thrown [e:\jenkins\tmp\workspace\build\src\src\hotspot\share\interpreter\linkResolver.cpp, line 766]
Event: 2.714 Thread 0x0000029c57ab0c30 Exception <a 'java/io/FileNotFoundException'{0x00000000eb24b8f0}> (0x00000000eb24b8f0) 
thrown [e:\jenkins\tmp\workspace\build\src\src\hotspot\share\prims\jni.cpp, line 516]
Event: 2.756 Thread 0x0000029c57ab0c30 Exception <a 'java/lang/NoSuchMethodError'{0x00000000eb46f130}: 'int java.lang.invoke.DirectMethodHandle$Holder.invokeVirtual(java.lang.Object, java.lang.Object)'> (0x00000000eb46f130) 
thrown [e:\jenkins\tmp\workspace\build\src\src\hotspot\share\interpreter\linkResolver.cpp, line 766]
Event: 2.809 Thread 0x0000029c57ab15d0 Exception <a 'java/lang/NoSuchMethodError'{0x00000000eb6915b8}: 'java.lang.Object java.lang.invoke.Invokers$Holder.invoke_MT(java.lang.Object, java.lang.Object, java.lang.Object)'> (0x00000000eb6915b8) 
thrown [e:\jenkins\tmp\workspace\build\src\src\hotspot\share\interpreter\linkResolver.cpp, line 766]
Event: 3.008 Thread 0x0000029c57ab15d0 Exception <a 'java/io/FileNotFoundException'{0x00000000eb1a4358}> (0x00000000eb1a4358) 
thrown [e:\jenkins\tmp\workspace\build\src\src\hotspot\share\prims\jni.cpp, line 516]
Event: 3.008 Thread 0x0000029c57ab15d0 Exception <a 'java/io/FileNotFoundException'{0x00000000eb1a5c30}> (0x00000000eb1a5c30) 
thrown [e:\jenkins\tmp\workspace\build\src\src\hotspot\share\prims\jni.cpp, line 516]
Event: 3.010 Thread 0x0000029c57ab15d0 Exception <a 'java/lang/NoSuchMethodError'{0x00000000eb1ad698}: 'void java.lang.invoke.DirectMethodHandle$Holder.invokeStaticInit(java.lang.Object, java.lang.Object, java.lang.Object)'> (0x00000000eb1ad698) 
thrown [e:\jenkins\tmp\workspace\build\src\src\hotspot\share\interpreter\linkResolver.cpp, line 766]
Event: 3.251 Thread 0x0000029c57ab15d0 Exception <a 'java/lang/NoSuchMethodError'{0x00000000ec1ee788}: 'java.lang.Object java.lang.invoke.DirectMethodHandle$Holder.newInvokeSpecial(java.lang.Object, java.lang.Object, java.lang.Object, int, java.lang.Object)'> (0x00000000ec1ee788) 
thrown [e:\jenkins\tmp\workspace\build\src\src\hotspot\share\interpreter\linkResolver.cpp, line 766]
Event: 3.251 Thread 0x0000029c57ab15d0 Exception <a 'java/lang/NoSuchMethodError'{0x00000000ec1f2938}: 'java.lang.Object java.lang.invoke.DirectMethodHandle$Holder.invokeSpecial(java.lang.Object, java.lang.Object, java.lang.Object, java.lang.Object, int, java.lang.Object)'> (0x00000000ec1f2938) 
thrown [e:\jenkins\tmp\workspace\build\src\src\hotspot\share\interpreter\linkResolver.cpp, line 766]
Event: 3.309 Thread 0x0000029c57ab0c30 Exception <a 'java/lang/NoSuchMethodError'{0x00000000eac3fd98}: 'java.lang.Object java.lang.invoke.DirectMethodHandle$Holder.invokeInterface(java.lang.Object, java.lang.Object, java.lang.Object)'> (0x00000000eac3fd98) 
thrown [e:\jenkins\tmp\workspace\build\src\src\hotspot\share\interpreter\linkResolver.cpp, line 766]

VM Operations (20 events):
Event: 2.536 Executing VM operation: ParallelGCFailedAllocation
Event: 2.537 Executing VM operation: ParallelGCFailedAllocation done
Event: 2.708 Executing VM operation: HandshakeAllThreads
Event: 2.708 Executing VM operation: HandshakeAllThreads done
Event: 2.797 Executing VM operation: HandshakeAllThreads
Event: 2.797 Executing VM operation: HandshakeAllThreads done
Event: 2.817 Executing VM operation: HandshakeAllThreads
Event: 2.817 Executing VM operation: HandshakeAllThreads done
Event: 2.887 Executing VM operation: ICBufferFull
Event: 2.888 Executing VM operation: ICBufferFull done
Event: 2.967 Executing VM operation: ParallelGCFailedAllocation
Event: 2.970 Executing VM operation: ParallelGCFailedAllocation done
Event: 3.081 Executing VM operation: ParallelGCFailedAllocation
Event: 3.086 Executing VM operation: ParallelGCFailedAllocation done
Event: 3.145 Executing VM operation: ParallelGCFailedAllocation
Event: 3.149 Executing VM operation: ParallelGCFailedAllocation done
Event: 3.191 Executing VM operation: ParallelGCFailedAllocation
Event: 3.196 Executing VM operation: ParallelGCFailedAllocation done
Event: 3.261 Executing VM operation: ParallelGCFailedAllocation
Event: 3.268 Executing VM operation: ParallelGCFailedAllocation done

Events (20 events):
Event: 2.918 loading class java/nio/channels/Channels$ReadableByteChannelImpl
Event: 2.918 loading class java/nio/channels/Channels$ReadableByteChannelImpl done
Event: 2.919 loading class java/nio/channels/NonWritableChannelException
Event: 2.919 loading class java/nio/channels/NonWritableChannelException done
Event: 2.919 loading class sun/nio/ch/ChannelInputStream
Event: 2.919 loading class sun/nio/ch/ChannelInputStream done
Event: 2.919 loading class java/nio/channels/SelectableChannel
Event: 2.919 loading class java/nio/channels/SelectableChannel done
Event: 3.300 loading class jdk/internal/reflect/UnsafeIntegerFieldAccessorImpl
Event: 3.301 loading class jdk/internal/reflect/UnsafeIntegerFieldAccessorImpl done
Event: 3.325 loading class sun/nio/cs/ThreadLocalCoders
Event: 3.325 loading class sun/nio/cs/ThreadLocalCoders done
Event: 3.325 loading class sun/nio/cs/ThreadLocalCoders$1
Event: 3.325 loading class sun/nio/cs/ThreadLocalCoders$Cache
Event: 3.326 loading class sun/nio/cs/ThreadLocalCoders$Cache done
Event: 3.326 loading class sun/nio/cs/ThreadLocalCoders$1 done
Event: 3.326 loading class sun/nio/cs/ThreadLocalCoders$2
Event: 3.326 loading class sun/nio/cs/ThreadLocalCoders$2 done
Event: 3.342 loading class java/lang/ExceptionInInitializerError
Event: 3.343 loading class java/lang/ExceptionInInitializerError done


Dynamic libraries:
0x00007ff73caa0000 - 0x00007ff73caae000 	c:\Users\Regna\.vscode\extensions\redhat.java-1.8.0-win32-x64\jre\17.0.3-win32-x86_64\bin\java.exe
0x00007ff99b660000 - 0x00007ff99b869000 	C:\Windows\SYSTEM32\ntdll.dll
0x00007ff99a410000 - 0x00007ff99a4cd000 	C:\Windows\System32\KERNEL32.DLL
0x00007ff999050000 - 0x00007ff9993c9000 	C:\Windows\System32\KERNELBASE.dll
0x00007ff998c80000 - 0x00007ff998d91000 	C:\Windows\System32\ucrtbase.dll
0x00007ff98b770000 - 0x00007ff98b788000 	c:\Users\Regna\.vscode\extensions\redhat.java-1.8.0-win32-x64\jre\17.0.3-win32-x86_64\bin\jli.dll
0x00007ff9801e0000 - 0x00007ff9801f9000 	c:\Users\Regna\.vscode\extensions\redhat.java-1.8.0-win32-x64\jre\17.0.3-win32-x86_64\bin\VCRUNTIME140.dll
0x00007ff99b050000 - 0x00007ff99b1fc000 	C:\Windows\System32\USER32.dll
0x00007ff97e680000 - 0x00007ff97e925000 	C:\Windows\WinSxS\amd64_microsoft.windows.common-controls_6595b64144ccf1df_6.0.22000.120_none_9d947278b86cc467\COMCTL32.dll
0x00007ff998c50000 - 0x00007ff998c76000 	C:\Windows\System32\win32u.dll
0x00007ff9995f0000 - 0x00007ff999693000 	C:\Windows\System32\msvcrt.dll
0x00007ff99b240000 - 0x00007ff99b269000 	C:\Windows\System32\GDI32.dll
0x00007ff9993d0000 - 0x00007ff9994e2000 	C:\Windows\System32\gdi32full.dll
0x00007ff998b40000 - 0x00007ff998bdd000 	C:\Windows\System32\msvcp_win.dll
0x00007ff99b200000 - 0x00007ff99b231000 	C:\Windows\System32\IMM32.DLL
0x00007ff98f1d0000 - 0x00007ff98f1dc000 	c:\Users\Regna\.vscode\extensions\redhat.java-1.8.0-win32-x64\jre\17.0.3-win32-x86_64\bin\vcruntime140_1.dll
0x00007ff938770000 - 0x00007ff938801000 	c:\Users\Regna\.vscode\extensions\redhat.java-1.8.0-win32-x64\jre\17.0.3-win32-x86_64\bin\msvcp140.dll
0x00007ff9102f0000 - 0x00007ff910f38000 	c:\Users\Regna\.vscode\extensions\redhat.java-1.8.0-win32-x64\jre\17.0.3-win32-x86_64\bin\server\jvm.dll
0x00007ff99b500000 - 0x00007ff99b5ae000 	C:\Windows\System32\ADVAPI32.dll
0x00007ff99b460000 - 0x00007ff99b4fe000 	C:\Windows\System32\sechost.dll
0x00007ff999c60000 - 0x00007ff999d80000 	C:\Windows\System32\RPCRT4.dll
0x00007ff9994f0000 - 0x00007ff9994f8000 	C:\Windows\System32\PSAPI.DLL
0x00007ff975700000 - 0x00007ff975709000 	C:\Windows\SYSTEM32\WSOCK32.dll
0x00007ff992a20000 - 0x00007ff992a53000 	C:\Windows\SYSTEM32\WINMM.dll
0x00007ff99b5b0000 - 0x00007ff99b61f000 	C:\Windows\System32\WS2_32.dll
0x00007ff990280000 - 0x00007ff99028a000 	C:\Windows\SYSTEM32\VERSION.dll
0x00007ff997c40000 - 0x00007ff997c58000 	C:\Windows\SYSTEM32\kernel.appcore.dll
0x00007ff98f1b0000 - 0x00007ff98f1ba000 	c:\Users\Regna\.vscode\extensions\redhat.java-1.8.0-win32-x64\jre\17.0.3-win32-x86_64\bin\jimage.dll
0x00007ff9968f0000 - 0x00007ff996b11000 	C:\Windows\SYSTEM32\DBGHELP.DLL
0x00007ff9884d0000 - 0x00007ff988501000 	C:\Windows\SYSTEM32\dbgcore.DLL
0x00007ff998da0000 - 0x00007ff998e1f000 	C:\Windows\System32\bcryptPrimitives.dll
0x00007ff9778a0000 - 0x00007ff9778c5000 	c:\Users\Regna\.vscode\extensions\redhat.java-1.8.0-win32-x64\jre\17.0.3-win32-x86_64\bin\java.dll
0x00007ff97f7e0000 - 0x00007ff97f7f8000 	c:\Users\Regna\.vscode\extensions\redhat.java-1.8.0-win32-x64\jre\17.0.3-win32-x86_64\bin\zip.dll
0x00007ff99a880000 - 0x00007ff99b038000 	C:\Windows\System32\SHELL32.dll
0x00007ff996cb0000 - 0x00007ff997517000 	C:\Windows\SYSTEM32\windows.storage.dll
0x00007ff999d80000 - 0x00007ff99a0f9000 	C:\Windows\System32\combase.dll
0x00007ff996b40000 - 0x00007ff996ca6000 	C:\Windows\SYSTEM32\wintypes.dll
0x00007ff99b370000 - 0x00007ff99b45a000 	C:\Windows\System32\SHCORE.dll
0x00007ff99b270000 - 0x00007ff99b2cd000 	C:\Windows\System32\shlwapi.dll
0x00007ff998a70000 - 0x00007ff998a91000 	C:\Windows\SYSTEM32\profapi.dll
0x00007ff97ab90000 - 0x00007ff97aba9000 	C:\Users\Regna\.vscode\extensions\redhat.java-1.8.0-win32-x64\jre\17.0.3-win32-x86_64\bin\net.dll
0x00007ff9926a0000 - 0x00007ff9927ac000 	C:\Windows\SYSTEM32\WINHTTP.dll
0x00007ff998070000 - 0x00007ff9980d7000 	C:\Windows\system32\mswsock.dll
0x00007ff97a970000 - 0x00007ff97a985000 	C:\Users\Regna\.vscode\extensions\redhat.java-1.8.0-win32-x64\jre\17.0.3-win32-x86_64\bin\nio.dll
0x00007ff96a000000 - 0x00007ff96a03e000 	C:\Users\Regna\AppData\Roaming\Code\User\globalStorage\redhat.java\1.8.0\config_ss_win\org.eclipse.equinox.launcher\org.eclipse.equinox.launcher.win32.win32.x86_64_1.2.500.v20220509-0833\eclipse_11700.dll
0x00007ff99a5c0000 - 0x00007ff99a75a000 	C:\Windows\System32\ole32.dll
0x00007ff998320000 - 0x00007ff998338000 	C:\Windows\SYSTEM32\CRYPTSP.dll
0x00007ff997ba0000 - 0x00007ff997bd5000 	C:\Windows\system32\rsaenh.dll
0x00007ff998160000 - 0x00007ff998189000 	C:\Windows\SYSTEM32\USERENV.dll
0x00007ff9984a0000 - 0x00007ff9984c7000 	C:\Windows\SYSTEM32\bcrypt.dll
0x00007ff998340000 - 0x00007ff99834c000 	C:\Windows\SYSTEM32\CRYPTBASE.dll
0x00007ff9977b0000 - 0x00007ff9977dd000 	C:\Windows\SYSTEM32\IPHLPAPI.DLL
0x00007ff99a400000 - 0x00007ff99a409000 	C:\Windows\System32\NSI.dll
0x00007ff9929b0000 - 0x00007ff9929c9000 	C:\Windows\SYSTEM32\dhcpcsvc6.DLL
0x00007ff992b60000 - 0x00007ff992b7e000 	C:\Windows\SYSTEM32\dhcpcsvc.DLL
0x00007ff9977e0000 - 0x00007ff9978c8000 	C:\Windows\SYSTEM32\DNSAPI.dll
0x00007ff98eeb0000 - 0x00007ff98eec0000 	c:\Users\Regna\.vscode\extensions\redhat.java-1.8.0-win32-x64\jre\17.0.3-win32-x86_64\bin\verify.dll
0x00007ff93f0a0000 - 0x00007ff93f0e4000 	C:\Users\Regna\AppData\Local\Temp\jna-78840103\jna10755745481060339250.dll

dbghelp: loaded successfully - version: 4.0.5 - missing functions: none
symbol engine: initialized successfully - sym options: 0x614 - pdb path: .;c:\Users\Regna\.vscode\extensions\redhat.java-1.8.0-win32-x64\jre\17.0.3-win32-x86_64\bin;C:\Windows\SYSTEM32;C:\Windows\WinSxS\amd64_microsoft.windows.common-controls_6595b64144ccf1df_6.0.22000.120_none_9d947278b86cc467;c:\Users\Regna\.vscode\extensions\redhat.java-1.8.0-win32-x64\jre\17.0.3-win32-x86_64\bin\server;C:\Users\Regna\AppData\Roaming\Code\User\globalStorage\redhat.java\1.8.0\config_ss_win\org.eclipse.equinox.launcher\org.eclipse.equinox.launcher.win32.win32.x86_64_1.2.500.v20220509-0833;C:\Users\Regna\AppData\Local\Temp\jna-78840103

VM Arguments:
jvm_args: --add-modules=ALL-SYSTEM --add-opens=java.base/java.util=ALL-UNNAMED --add-opens=java.base/java.lang=ALL-UNNAMED --add-opens=java.base/sun.nio.fs=ALL-UNNAMED -Declipse.application=org.eclipse.jdt.ls.core.id1 -Dosgi.bundles.defaultStartLevel=4 -Declipse.product=org.eclipse.jdt.ls.core.product -Djava.import.generatesMetadataFilesAtProjectRoot=false -Dfile.encoding=utf8 -DwatchParentProcess=false -XX:+UseParallelGC -XX:GCTimeRatio=4 -XX:AdaptiveSizePolicyWeight=90 -Dsun.zip.disableMemoryMapping=true -Xmx1G -Xms100m 
java_command: c:\Users\Regna\.vscode\extensions\redhat.java-1.8.0-win32-x64\server\plugins\org.eclipse.equinox.launcher_1.6.400.v20210924-0641.jar -configuration c:\Users\Regna\AppData\Roaming\Code\User\globalStorage\redhat.java\1.8.0\config_ss_win -data c:\Users\Regna\AppData\Roaming\Code\User\workspaceStorage\b94b6f5e0ff8d91ceb3ad771831e204b\redhat.java\ss_ws
java_class_path (initial): c:\Users\Regna\.vscode\extensions\redhat.java-1.8.0-win32-x64\server\plugins\org.eclipse.equinox.launcher_1.6.400.v20210924-0641.jar
Launcher Type: SUN_STANDARD

[Global flags]
    uintx AdaptiveSizePolicyWeight                 = 90                                        {product} {command line}
     intx CICompilerCount                          = 4                                         {product} {ergonomic}
    uintx GCTimeRatio                              = 4                                         {product} {command line}
   size_t InitialHeapSize                          = 104857600                                 {product} {command line}
   size_t MaxHeapSize                              = 1073741824                                {product} {command line}
   size_t MaxNewSize                               = 357564416                                 {product} {ergonomic}
   size_t MinHeapDeltaBytes                        = 524288                                    {product} {ergonomic}
   size_t MinHeapSize                              = 104857600                                 {product} {command line}
   size_t NewSize                                  = 34603008                                  {product} {ergonomic}
    uintx NonNMethodCodeHeapSize                   = 5839372                                {pd product} {ergonomic}
    uintx NonProfiledCodeHeapSize                  = 122909434                              {pd product} {ergonomic}
   size_t OldSize                                  = 70254592                                  {product} {ergonomic}
    uintx ProfiledCodeHeapSize                     = 122909434                              {pd product} {ergonomic}
    uintx ReservedCodeCacheSize                    = 251658240                              {pd product} {ergonomic}
     bool SegmentedCodeCache                       = true                                      {product} {ergonomic}
   size_t SoftMaxHeapSize                          = 1073741824                             {manageable} {ergonomic}
     bool UseCompressedClassPointers               = true                           {product lp64_product} {ergonomic}
     bool UseCompressedOops                        = true                           {product lp64_product} {ergonomic}
     bool UseLargePagesIndividualAllocation        = false                                  {pd product} {ergonomic}
     bool UseParallelGC                            = true                                      {product} {command line}

Logging:
Log output configuration:
 #0: stdout all=warning uptime,level,tags
 #1: stderr all=off uptime,level,tags

Environment Variables:
PATH=C:\Program Files\Eclipse Adoptium\jdk-17.0.3.7-hotspot\bin;C:\Program Files\Common Files\Oracle\Java\javapath;C:\Windows\system32;C:\Windows;C:\Windows\System32\Wbem;C:\Windows\System32\WindowsPowerShell\v1.0\;C:\Windows\System32\OpenSSH\;C:\Program Files\Git\cmd;C:\Program Files\nodejs\;C:\ProgramData\chocolatey\bin;C:\Users\Regna\AppData\Local\Microsoft\WindowsApps;C:\Users\Regna\AppData\Local\Programs\Microsoft VS Code\bin;C:\Users\Regna\AppData\Roaming\npm;C:\Users\Regna\AppData\Local\GitHubDesktop\bin
USERNAME=Regna
OS=Windows_NT
PROCESSOR_IDENTIFIER=AMD64 Family 23 Model 104 Stepping 1, AuthenticAMD



---------------  S Y S T E M  ---------------

OS:
 Windows 11 , 64 bit Build 22000 (10.0.22000.708)
OS uptime: 7 days 10:07 hours

CPU: total 12 (initial active 12) (12 cores per cpu, 2 threads per core) family 23 model 104 stepping 1 microcode 0x0, cx8, cmov, fxsr, ht, mmx, 3dnowpref, sse, sse2, sse3, ssse3, sse4a, sse4.1, sse4.2, popcnt, lzcnt, tsc, tscinvbit, avx, avx2, aes, clmul, bmi1, bmi2, adx, sha, fma, vzeroupper, clflush, clflushopt

Memory: 4k page, system-wide physical 6005M (184M free)
TotalPageFile size 24437M (AvailPageFile size 5M)
current process WorkingSet (physical memory assigned to process): 154M, peak: 154M
current process commit charge ("private bytes"): 257M, peak: 258M

vm_info: OpenJDK 64-Bit Server VM (17.0.3+7) for windows-amd64 JRE (17.0.3+7), built on Apr 19 2022 16:55:35 by "" with MS VC++ 16.7 (VS2019)

END.
