#
# There is insufficient memory for the Java Runtime Environment to continue.
# Native memory allocation (mmap) failed to map 65536 bytes for Failed to commit metaspace.
# Possible reasons:
#   The system is out of physical RAM or swap space
#   The process is running with CompressedOops enabled, and the Java Heap may be blocking the growth of the native heap
# Possible solutions:
#   Reduce memory load on the system
#   Increase physical memory or swap space
#   Check if swap backing store is full
#   Decrease Java heap size (-Xmx/-Xms)
#   Decrease number of Java threads
#   Decrease Java thread stack sizes (-Xss)
#   Set larger code cache with -XX:ReservedCodeCacheSize=
#   JVM is running with Unscaled Compressed Oops mode in which the Java heap is
#     placed in the first 4GB address space. The Java Heap base address is the
#     maximum limit for the native heap growth. Please use -XX:HeapBaseMinAddress
#     to set the Java Heap base and to place the Java Heap above 4GB virtual address.
# This output file may be truncated or incomplete.
#
#  Out of Memory Error (virtualSpaceNode.cpp:110), pid=96112, tid=94432
#
# JRE version: OpenJDK Runtime Environment Temurin-17.0.3+7 (17.0.3+7) (build 17.0.3+7)
# Java VM: OpenJDK 64-Bit Server VM Temurin-17.0.3+7 (17.0.3+7, mixed mode, tiered, compressed oops, compressed class ptrs, parallel gc, windows-amd64)
# No core dump will be written. Minidumps are not enabled by default on client versions of Windows
#

---------------  S U M M A R Y ------------

Command Line: --add-modules=ALL-SYSTEM --add-opens=java.base/java.util=ALL-UNNAMED --add-opens=java.base/java.lang=ALL-UNNAMED --add-opens=java.base/sun.nio.fs=ALL-UNNAMED -Declipse.application=org.eclipse.jdt.ls.core.id1 -Dosgi.bundles.defaultStartLevel=4 -Declipse.product=org.eclipse.jdt.ls.core.product -Djava.import.generatesMetadataFilesAtProjectRoot=false -Dfile.encoding=utf8 -DwatchParentProcess=false -XX:+UseParallelGC -XX:GCTimeRatio=4 -XX:AdaptiveSizePolicyWeight=90 -Dsun.zip.disableMemoryMapping=true -Xmx1G -Xms100m -XX:+HeapDumpOnOutOfMemoryError -XX:HeapDumpPath=c:\Users\Regna\AppData\Roaming\Code\User\workspaceStorage\b94b6f5e0ff8d91ceb3ad771831e204b\redhat.java c:\Users\Regna\.vscode\extensions\redhat.java-1.8.0-win32-x64\server\plugins\org.eclipse.equinox.launcher_1.6.400.v20210924-0641.jar -configuration c:\Users\Regna\AppData\Roaming\Code\User\globalStorage\redhat.java\1.8.0\config_win -data c:\Users\Regna\AppData\Roaming\Code\User\workspaceStorage\b94b6f5e0ff8d91ceb3ad771831e204b\redhat.java\jdt_ws

Host: AMD Ryzen 5 5500U with Radeon Graphics         , 12 cores, 5G,  Windows 11 , 64 bit Build 22000 (10.0.22000.708)
Time: Wed Jul 20 18:28:48 2022 Hora oficial do Brasil elapsed time: 4.062767 seconds (0d 0h 0m 4s)

---------------  T H R E A D  ---------------

Current thread (0x000001bd2f7a2570):  JavaThread "Worker-0: Updating Maven Dependencies" [_thread_in_vm, id=94432, stack(0x0000003a97100000,0x0000003a97200000)]

Stack: [0x0000003a97100000,0x0000003a97200000]
Native frames: (J=compiled Java code, j=interpreted, Vv=VM code, C=native code)
V  [jvm.dll+0x675efa]
V  [jvm.dll+0x830a24]
V  [jvm.dll+0x8321ce]
V  [jvm.dll+0x832833]
V  [jvm.dll+0x2454b5]
V  [jvm.dll+0x82c9cb]
V  [jvm.dll+0x61ab26]
V  [jvm.dll+0x1c046e]
V  [jvm.dll+0x61d471]
V  [jvm.dll+0x61b4c6]
V  [jvm.dll+0x625317]
V  [jvm.dll+0x1ea19b]
V  [jvm.dll+0x1ea6d5]
V  [jvm.dll+0x1eb10f]
V  [jvm.dll+0x1e05b1]
V  [jvm.dll+0x53bb80]
V  [jvm.dll+0x7aba28]
V  [jvm.dll+0x7abb14]
V  [jvm.dll+0x40c7c5]
V  [jvm.dll+0x4129b8]
C  [java.dll+0x17ec]

Java frames: (J=compiled Java code, j=interpreted, Vv=VM code)
J 1076  java.lang.ClassLoader.defineClass1(Ljava/lang/ClassLoader;Ljava/lang/String;[BIILjava/security/ProtectionDomain;Ljava/lang/String;)Ljava/lang/Class; java.base@17.0.3 (0 bytes) @ 0x000001bd22e99b5b [0x000001bd22e99aa0+0x00000000000000bb]
J 1479 c1 java.lang.ClassLoader.defineClass(Ljava/lang/String;[BIILjava/security/ProtectionDomain;)Ljava/lang/Class; java.base@17.0.3 (43 bytes) @ 0x000001bd1bbb7ed4 [0x000001bd1bbb7b80+0x0000000000000354]
J 2244 c1 org.eclipse.osgi.internal.loader.ModuleClassLoader.defineClass(Ljava/lang/String;[BLorg/eclipse/osgi/internal/loader/classpath/ClasspathEntry;)Lorg/eclipse/osgi/internal/loader/ModuleClassLoader$DefineClassResult; (138 bytes) @ 0x000001bd1bd8de1c [0x000001bd1bd8dbc0+0x000000000000025c]
J 2178 c1 org.eclipse.osgi.internal.loader.classpath.ClasspathManager.defineClass(Ljava/lang/String;[BLorg/eclipse/osgi/internal/loader/classpath/ClasspathEntry;Lorg/eclipse/osgi/storage/bundlefile/BundleEntry;Ljava/util/List;)Ljava/lang/Class; (636 bytes) @ 0x000001bd1bd58b34 [0x000001bd1bd57160+0x00000000000019d4]
J 2942 c2 org.eclipse.osgi.internal.loader.classpath.ClasspathManager.findClassImpl(Ljava/lang/String;Lorg/eclipse/osgi/internal/loader/classpath/ClasspathEntry;Ljava/util/List;)Ljava/lang/Class; (308 bytes) @ 0x000001bd22f5e850 [0x000001bd22f5b640+0x0000000000003210]
J 3258 c2 org.eclipse.osgi.internal.loader.classpath.ClasspathManager.findLocalClass(Ljava/lang/String;)Ljava/lang/Class; (210 bytes) @ 0x000001bd22f753a8 [0x000001bd22f74fe0+0x00000000000003c8]
J 1894 c1 org.eclipse.osgi.internal.loader.BundleLoader.findLocalClass(Ljava/lang/String;)Ljava/lang/Class; (152 bytes) @ 0x000001bd1bcc68ec [0x000001bd1bcc60a0+0x000000000000084c]
J 2461 c1 org.eclipse.osgi.internal.loader.BundleLoader.findClass0(Ljava/lang/String;ZZ)Ljava/lang/Class; (466 bytes) @ 0x000001bd1bdfa324 [0x000001bd1bdf7d00+0x0000000000002624]
J 1472 c1 org.eclipse.osgi.internal.loader.BundleLoader.findClass(Ljava/lang/String;)Ljava/lang/Class; (8 bytes) @ 0x000001bd1bbad81c [0x000001bd1bbad7a0+0x000000000000007c]
J 1509 c1 org.eclipse.osgi.internal.loader.ModuleClassLoader.loadClass(Ljava/lang/String;Z)Ljava/lang/Class; (20 bytes) @ 0x000001bd1bbc93fc [0x000001bd1bbc92e0+0x000000000000011c]
J 2492 c1 java.lang.ClassLoader.loadClass(Ljava/lang/String;Z)Ljava/lang/Class; java.base@17.0.3 (121 bytes) @ 0x000001bd1be0bbbc [0x000001bd1be0b840+0x000000000000037c]
j  org.codehaus.plexus.classworlds.realm.ClassRealm.unsynchronizedLoadClass(Ljava/lang/String;Z)Ljava/lang/Class;+3
j  org.codehaus.plexus.classworlds.realm.ClassRealm.loadClass(Ljava/lang/String;Z)Ljava/lang/Class;+9
j  org.codehaus.plexus.classworlds.realm.ClassRealm.loadClass(Ljava/lang/String;)Ljava/lang/Class;+3
j  org.eclipse.sisu.space.URLClassSpace.loadClass(Ljava/lang/String;)Ljava/lang/Class;+5
j  org.eclipse.sisu.space.NamedClass.load()Ljava/lang/Class;+8
j  org.eclipse.sisu.wire.DependencyAnalyzer.visit(Lcom/google/inject/spi/ProviderInstanceBinding;)Ljava/lang/Boolean;+21
j  org.eclipse.sisu.wire.DependencyAnalyzer.visit(Lcom/google/inject/spi/ProviderInstanceBinding;)Ljava/lang/Object;+5
j  com.google.inject.internal.ProviderInstanceBindingImpl.acceptTargetVisitor(Lcom/google/inject/spi/BindingTargetVisitor;)Ljava/lang/Object;+27
j  org.eclipse.sisu.wire.ElementAnalyzer.visit(Lcom/google/inject/Binding;)Ljava/lang/Void;+43
j  org.eclipse.sisu.wire.ElementAnalyzer.visit(Lcom/google/inject/Binding;)Ljava/lang/Object;+5
j  com.google.inject.internal.BindingImpl.acceptVisitor(Lcom/google/inject/spi/ElementVisitor;)Ljava/lang/Object;+2
j  org.eclipse.sisu.wire.WireModule.configure(Lcom/google/inject/Binder;)V+39
j  com.google.inject.spi.Elements$RecordingBinder.install(Lcom/google/inject/Module;)V+161
j  com.google.inject.spi.Elements.getElements(Lcom/google/inject/Stage;Ljava/lang/Iterable;)Ljava/util/List;+40
j  com.google.inject.internal.InjectorShell$Builder.build(Lcom/google/inject/internal/Initializer;Lcom/google/inject/internal/ProcessedBindingData;Lcom/google/inject/internal/util/Stopwatch;Lcom/google/inject/internal/Errors;)Ljava/util/List;+122
j  com.google.inject.internal.InternalInjectorCreator.build()Lcom/google/inject/Injector;+48
j  com.google.inject.Guice.createInjector(Lcom/google/inject/Stage;Ljava/lang/Iterable;)Lcom/google/inject/Injector;+15
j  com.google.inject.Guice.createInjector(Ljava/lang/Iterable;)Lcom/google/inject/Injector;+4
j  com.google.inject.Guice.createInjector([Lcom/google/inject/Module;)Lcom/google/inject/Injector;+4
j  org.codehaus.plexus.DefaultPlexusContainer.addPlexusInjector(Ljava/util/List;[Lcom/google/inject/Module;)Lcom/google/inject/Injector;+88
j  org.codehaus.plexus.DefaultPlexusContainer.<init>(Lorg/codehaus/plexus/ContainerConfiguration;[Lcom/google/inject/Module;)V+396
j  org.eclipse.m2e.core.internal.embedder.PlexusContainerManager.newPlexusContainer(Ljava/io/File;Lorg/codehaus/plexus/logging/LoggerManager;Lorg/eclipse/m2e/core/embedder/IMavenConfiguration;)Lorg/codehaus/plexus/DefaultPlexusContainer;+205
j  org.eclipse.m2e.core.internal.embedder.PlexusContainerManager.aquire()Lorg/codehaus/plexus/PlexusContainer;+28
j  org.eclipse.m2e.core.internal.embedder.MavenImpl.getPlexusContainer()Lorg/codehaus/plexus/PlexusContainer;+4
j  org.eclipse.m2e.core.internal.embedder.MavenImpl.lookup(Ljava/lang/Class;)Ljava/lang/Object;+8
j  org.eclipse.m2e.core.internal.embedder.MavenImpl.getSettings(Z)Lorg/apache/maven/settings/Settings;+182
j  org.eclipse.m2e.core.internal.embedder.MavenImpl.getSettings()Lorg/apache/maven/settings/Settings;+2
j  org.eclipse.m2e.core.internal.embedder.MavenExecutionContext.createExecutionRequest(Lorg/eclipse/m2e/core/embedder/IMavenConfiguration;Lorg/eclipse/m2e/core/embedder/IComponentLookup;Lorg/eclipse/m2e/core/embedder/IMaven;)Lorg/apache/maven/execution/MavenExecutionRequest;+76
j  org.eclipse.m2e.core.internal.embedder.MavenExecutionContext.newExecutionRequest()Lorg/apache/maven/execution/MavenExecutionRequest;+74
j  org.eclipse.m2e.core.internal.embedder.MavenExecutionContext.execute(Lorg/apache/maven/project/MavenProject;Lorg/eclipse/m2e/core/embedder/ICallable;Lorg/eclipse/core/runtime/IProgressMonitor;)Ljava/lang/Object;+131
j  org.eclipse.m2e.core.internal.embedder.MavenExecutionContext.execute(Lorg/eclipse/m2e/core/embedder/ICallable;Lorg/eclipse/core/runtime/IProgressMonitor;)Ljava/lang/Object;+4
j  org.eclipse.m2e.core.internal.project.registry.ProjectRegistryRefreshJob.run(Lorg/eclipse/core/runtime/IProgressMonitor;)Lorg/eclipse/core/runtime/IStatus;+80
j  org.eclipse.core.internal.jobs.Worker.run()V+32
v  ~StubRoutines::call_stub

---------------  P R O C E S S  ---------------

Threads class SMR info:
_java_thread_list=0x000001bd33974670, length=26, elements={
0x000001bd186e21c0, 0x000001bd2c564620, 0x000001bd2c566890, 0x000001bd2e29b000,
0x000001bd2e29b9c0, 0x000001bd2e29cd10, 0x000001bd2e29fe70, 0x000001bd2e2a47f0,
0x000001bd2e2b70c0, 0x000001bd2e2d7010, 0x000001bd2e3d68d0, 0x000001bd2e4e23a0,
0x000001bd2fcd2780, 0x000001bd2fb38bc0, 0x000001bd2fb39540, 0x000001bd2fb8ce30,
0x000001bd2fbfb450, 0x000001bd30aaf650, 0x000001bd2f7a03c0, 0x000001bd2f7a2570,
0x000001bd2f7a1230, 0x000001bd2f79fa20, 0x000001bd2f79f550, 0x000001bd2f7a2a40,
0x000001bd2f7a0890, 0x000001bd2f7a0d60
}

Java Threads: ( => current thread )
  0x000001bd186e21c0 JavaThread "main" [_thread_blocked, id=94380, stack(0x0000003a95200000,0x0000003a95300000)]
  0x000001bd2c564620 JavaThread "Reference Handler" daemon [_thread_blocked, id=97256, stack(0x0000003a95500000,0x0000003a95600000)]
  0x000001bd2c566890 JavaThread "Finalizer" daemon [_thread_blocked, id=97260, stack(0x0000003a95600000,0x0000003a95700000)]
  0x000001bd2e29b000 JavaThread "Signal Dispatcher" daemon [_thread_blocked, id=96592, stack(0x0000003a95700000,0x0000003a95800000)]
  0x000001bd2e29b9c0 JavaThread "Attach Listener" daemon [_thread_blocked, id=97148, stack(0x0000003a95800000,0x0000003a95900000)]
  0x000001bd2e29cd10 JavaThread "Service Thread" daemon [_thread_blocked, id=97164, stack(0x0000003a95900000,0x0000003a95a00000)]
  0x000001bd2e29fe70 JavaThread "Monitor Deflation Thread" daemon [_thread_blocked, id=96584, stack(0x0000003a95a00000,0x0000003a95b00000)]
  0x000001bd2e2a47f0 JavaThread "C2 CompilerThread0" daemon [_thread_blocked, id=96600, stack(0x0000003a95b00000,0x0000003a95c00000)]
  0x000001bd2e2b70c0 JavaThread "C1 CompilerThread0" daemon [_thread_blocked, id=96596, stack(0x0000003a95c00000,0x0000003a95d00000)]
  0x000001bd2e2d7010 JavaThread "Sweeper thread" daemon [_thread_blocked, id=96568, stack(0x0000003a95d00000,0x0000003a95e00000)]
  0x000001bd2e3d68d0 JavaThread "Common-Cleaner" daemon [_thread_blocked, id=38256, stack(0x0000003a95e00000,0x0000003a95f00000)]
  0x000001bd2e4e23a0 JavaThread "Notification Thread" daemon [_thread_blocked, id=96916, stack(0x0000003a95f00000,0x0000003a96000000)]
  0x000001bd2fcd2780 JavaThread "Active Thread: Equinox Container: 4053fb24-63c9-47a4-8d6f-582cd78bfcd3" [_thread_blocked, id=96672, stack(0x0000003a96100000,0x0000003a96200000)]
  0x000001bd2fb38bc0 JavaThread "Framework Event Dispatcher: Equinox Container: 4053fb24-63c9-47a4-8d6f-582cd78bfcd3" daemon [_thread_blocked, id=96308, stack(0x0000003a96200000,0x0000003a96300000)]
  0x000001bd2fb39540 JavaThread "Start Level: Equinox Container: 4053fb24-63c9-47a4-8d6f-582cd78bfcd3" daemon [_thread_blocked, id=97044, stack(0x0000003a96300000,0x0000003a96400000)]
  0x000001bd2fb8ce30 JavaThread "SCR Component Actor" daemon [_thread_blocked, id=97036, stack(0x0000003a96a00000,0x0000003a96b00000)]
  0x000001bd2fbfb450 JavaThread "Timer-0" [_thread_blocked, id=81532, stack(0x0000003a96b00000,0x0000003a96c00000)]
  0x000001bd30aaf650 JavaThread "Bundle File Closer" daemon [_thread_blocked, id=79360, stack(0x0000003a96c00000,0x0000003a96d00000)]
  0x000001bd2f7a03c0 JavaThread "Worker-JM" [_thread_blocked, id=96976, stack(0x0000003a96d00000,0x0000003a96e00000)]
=>0x000001bd2f7a2570 JavaThread "Worker-0: Updating Maven Dependencies" [_thread_in_vm, id=94432, stack(0x0000003a97100000,0x0000003a97200000)]
  0x000001bd2f7a1230 JavaThread "Worker-1: Loading available Gradle versions" [_thread_in_vm, id=61444, stack(0x0000003a97200000,0x0000003a97300000)]
  0x000001bd2f79fa20 JavaThread "Worker-2: Repository registry initialization" [_thread_blocked, id=96448, stack(0x0000003a97300000,0x0000003a97400000)]
  0x000001bd2f79f550 JavaThread "Java indexing" daemon [_thread_blocked, id=96524, stack(0x0000003a97400000,0x0000003a97500000)]
  0x000001bd2f7a2a40 JavaThread "pool-1-thread-1" [_thread_blocked, id=97248, stack(0x0000003a97500000,0x0000003a97600000)]
  0x000001bd2f7a0890 JavaThread "Worker-3" [_thread_blocked, id=96752, stack(0x0000003a97600000,0x0000003a97700000)]
  0x000001bd2f7a0d60 JavaThread "Worker-4" [_thread_blocked, id=97188, stack(0x0000003a97700000,0x0000003a97800000)]

Other Threads:
  0x000001bd2e261740 VMThread "VM Thread" [stack: 0x0000003a95400000,0x0000003a95500000] [id=97216]
  0x000001bd2e4e2e80 WatcherThread [stack: 0x0000003a96000000,0x0000003a96100000] [id=96964]
  0x000001bd186f19c0 GCTaskThread "GC Thread#0" [stack: 0x0000003a95300000,0x0000003a95400000] [id=97172]
  0x000001bd2f63ce10 GCTaskThread "GC Thread#1" [stack: 0x0000003a96400000,0x0000003a96500000] [id=97048]
  0x000001bd2fb3a830 GCTaskThread "GC Thread#2" [stack: 0x0000003a96500000,0x0000003a96600000] [id=96996]
  0x000001bd2fb3aae0 GCTaskThread "GC Thread#3" [stack: 0x0000003a96600000,0x0000003a96700000] [id=96520]
  0x000001bd2fadb320 GCTaskThread "GC Thread#4" [stack: 0x0000003a96700000,0x0000003a96800000] [id=86184]
  0x000001bd2fadb5d0 GCTaskThread "GC Thread#5" [stack: 0x0000003a96800000,0x0000003a96900000] [id=96680]
  0x000001bd2fadb880 GCTaskThread "GC Thread#6" [stack: 0x0000003a96900000,0x0000003a96a00000] [id=97040]
  0x000001bd30c9c980 GCTaskThread "GC Thread#7" [stack: 0x0000003a96e00000,0x0000003a96f00000] [id=95272]
  0x000001bd30ca1b70 GCTaskThread "GC Thread#8" [stack: 0x0000003a96f00000,0x0000003a97000000] [id=71700]
  0x000001bd30ca2440 GCTaskThread "GC Thread#9" [stack: 0x0000003a97000000,0x0000003a97100000] [id=59416]

Threads with active compile tasks:

VM state: not at safepoint (normal execution)

VM Mutex/Monitor currently owned by a thread:  ([mutex/lock_event])
[0x000001bd186d0040] Metaspace_lock - owner thread: 0x000001bd2f7a2570

Heap address: 0x00000000c0000000, size: 1024 MB, Compressed Oops mode: 32-bit

CDS archive(s) not mapped
Compressed class space mapped at: 0x0000000100000000-0x0000000140000000, reserved size: 1073741824
Narrow klass base: 0x0000000000000000, Narrow klass shift: 3, Narrow klass range: 0x140000000

GC Precious Log:
 CPUs: 12 total, 12 available
 Memory: 6005M
 Large Page Support: Disabled
 NUMA Support: Disabled
 Compressed Oops: Enabled (32-bit)
 Alignments: Space 512K, Generation 512K, Heap 2M
 Heap Min Capacity: 100M
 Heap Initial Capacity: 100M
 Heap Max Capacity: 1G
 Pre-touch: Disabled
 Parallel Workers: 10

Heap:
 PSYoungGen      total 28160K, used 12641K [0x00000000eab00000, 0x00000000ecb80000, 0x0000000100000000)
  eden space 25088K, 40% used [0x00000000eab00000,0x00000000eb4d2ae0,0x00000000ec380000)
  from space 3072K, 84% used [0x00000000ec880000,0x00000000ecb05ca8,0x00000000ecb80000)
  to   space 3072K, 0% used [0x00000000ec580000,0x00000000ec580000,0x00000000ec880000)
 ParOldGen       total 68608K, used 12331K [0x00000000c0000000, 0x00000000c4300000, 0x00000000eab00000)
  object space 68608K, 17% used [0x00000000c0000000,0x00000000c0c0ad10,0x00000000c4300000)
 Metaspace       used 42683K, committed 43392K, reserved 1089536K
  class space    used 4623K, committed 4992K, reserved 1048576K

Card table byte_map: [0x000001bd180a0000,0x000001bd182b0000] _byte_map_base: 0x000001bd17aa0000

Marking Bits: (ParMarkBitMap*) 0x00007ff910e74b80
 Begin Bits: [0x000001bd2a370000, 0x000001bd2b370000)
 End Bits:   [0x000001bd2b370000, 0x000001bd2c370000)

Polling page: 0x000001bd16660000

Metaspace:

Usage:
  Non-class:     37.17 MB used.
      Class:      4.52 MB used.
       Both:     41.68 MB used.

Virtual space:
  Non-class space:       40.00 MB reserved,      37.50 MB ( 94%) committed,  5 nodes.
      Class space:        1.00 GB reserved,       4.88 MB ( <1%) committed,  1 nodes.
             Both:        1.04 GB reserved,      42.38 MB (  4%) committed. 

Chunk freelists:
   Non-Class:  2.23 MB
       Class:  3.06 MB
        Both:  5.29 MB

MaxMetaspaceSize: unlimited
CompressedClassSpaceSize: 1.00 GB
Initial GC threshold: 21.00 MB
Current GC threshold: 58.38 MB
CDS: off
MetaspaceReclaimPolicy: balanced
 - commit_granule_bytes: 65536.
 - commit_granule_words: 8192.
 - virtual_space_node_default_size: 1048576.
 - enlarge_chunks_in_place: 1.
 - new_chunks_are_fully_committed: 0.
 - uncommit_free_chunks: 1.
 - use_allocation_guard: 0.
 - handle_deallocations: 1.


Internal statistics:

num_allocs_failed_limit: 6.
num_arena_births: 260.
num_arena_deaths: 0.
num_vsnodes_births: 6.
num_vsnodes_deaths: 0.
num_space_committed: 678.
num_space_uncommitted: 0.
num_chunks_returned_to_freelist: 6.
num_chunks_taken_from_freelist: 1590.
num_chunk_merges: 3.
num_chunk_splits: 1031.
num_chunks_enlarged: 663.
num_purges: 0.
num_inconsistent_stats: 0.

CodeHeap 'non-profiled nmethods': size=120000Kb used=1413Kb max_used=1413Kb free=118586Kb
 bounds [0x000001bd22e40000, 0x000001bd230b0000, 0x000001bd2a370000]
CodeHeap 'profiled nmethods': size=120000Kb used=7730Kb max_used=7730Kb free=112269Kb
 bounds [0x000001bd1b910000, 0x000001bd1c0a0000, 0x000001bd22e40000]
CodeHeap 'non-nmethods': size=5760Kb used=1288Kb max_used=1319Kb free=4471Kb
 bounds [0x000001bd1b370000, 0x000001bd1b5e0000, 0x000001bd1b910000]
 total_blobs=4343 nmethods=3735 adapters=521
 compilation: enabled
              stopped_count=0, restarted_count=0
 full_count=0

Compilation events (20 events):
Event: 4.052 Thread 0x000001bd2e2b70c0 3747       3       sun.security.util.math.intpoly.IntegerPolynomial$MutableElement::setProduct (31 bytes)
Event: 4.053 Thread 0x000001bd2e2b70c0 nmethod 3747 0x000001bd1c099790 code [0x000001bd1c099940, 0x000001bd1c099c28]
Event: 4.053 Thread 0x000001bd2e2b70c0 3749       3       sun.security.util.math.intpoly.IntegerPolynomial$MutableElement::setSquare (5 bytes)
Event: 4.053 Thread 0x000001bd2e2b70c0 nmethod 3749 0x000001bd1c099d10 code [0x000001bd1c099ec0, 0x000001bd1c09a128]
Event: 4.053 Thread 0x000001bd2e2b70c0 3750       3       sun.security.util.math.intpoly.IntegerPolynomial$MutableElement::setSquare (22 bytes)
Event: 4.053 Thread 0x000001bd2e2b70c0 nmethod 3750 0x000001bd1c09a210 code [0x000001bd1c09a3c0, 0x000001bd1c09a5a8]
Event: 4.053 Thread 0x000001bd2e2b70c0 3743       3       sun.security.util.math.intpoly.IntegerPolynomial$MutableElement::setDifference (6 bytes)
Event: 4.053 Thread 0x000001bd2e2b70c0 nmethod 3743 0x000001bd1c09a690 code [0x000001bd1c09a840, 0x000001bd1c09a988]
Event: 4.053 Thread 0x000001bd2e2b70c0 3751       3       sun.security.util.math.intpoly.IntegerPolynomial25519::square (613 bytes)
Event: 4.054 Thread 0x000001bd2e2b70c0 nmethod 3751 0x000001bd1c09aa10 code [0x000001bd1c09abc0, 0x000001bd1c09b448]
Event: 4.054 Thread 0x000001bd2e2b70c0 3748       3       sun.security.util.math.intpoly.IntegerPolynomial$MutableElement::setSum (6 bytes)
Event: 4.054 Thread 0x000001bd2e2b70c0 nmethod 3748 0x000001bd1c09b690 code [0x000001bd1c09b840, 0x000001bd1c09b988]
Event: 4.054 Thread 0x000001bd2e2b70c0 3754       3       sun.security.ec.XECOperations::cswap (9 bytes)
Event: 4.054 Thread 0x000001bd2e2b70c0 nmethod 3754 0x000001bd1c09ba10 code [0x000001bd1c09bbc0, 0x000001bd1c09bd48]
Event: 4.054 Thread 0x000001bd2e2b70c0 3755       3       sun.security.util.math.intpoly.IntegerPolynomial$MutableElement::conditionalSwapWith (38 bytes)
Event: 4.055 Thread 0x000001bd2e2b70c0 nmethod 3755 0x000001bd1c09be90 code [0x000001bd1c09c040, 0x000001bd1c09c288]
Event: 4.055 Thread 0x000001bd2e2b70c0 3756       3       org.eclipse.core.runtime.jobs.Job::getState (5 bytes)
Event: 4.055 Thread 0x000001bd2e2b70c0 nmethod 3756 0x000001bd1c09c390 code [0x000001bd1c09c520, 0x000001bd1c09c668]
Event: 4.055 Thread 0x000001bd2e2b70c0 3757       3       com.google.inject.internal.Errors::<init> (22 bytes)
Event: 4.055 Thread 0x000001bd2e2b70c0 nmethod 3757 0x000001bd1c09c710 code [0x000001bd1c09c8a0, 0x000001bd1c09ca58]

GC Heap History (16 events):
Event: 0.904 GC heap before
{Heap before GC invocations=1 (full 0):
 PSYoungGen      total 29696K, used 25600K [0x00000000eab00000, 0x00000000ecc00000, 0x0000000100000000)
  eden space 25600K, 100% used [0x00000000eab00000,0x00000000ec400000,0x00000000ec400000)
  from space 4096K, 0% used [0x00000000ec800000,0x00000000ec800000,0x00000000ecc00000)
  to   space 4096K, 0% used [0x00000000ec400000,0x00000000ec400000,0x00000000ec800000)
 ParOldGen       total 68608K, used 0K [0x00000000c0000000, 0x00000000c4300000, 0x00000000eab00000)
  object space 68608K, 0% used [0x00000000c0000000,0x00000000c0000000,0x00000000c4300000)
 Metaspace       used 12607K, committed 12800K, reserved 1064960K
  class space    used 1268K, committed 1344K, reserved 1048576K
}
Event: 0.912 GC heap after
{Heap after GC invocations=1 (full 0):
 PSYoungGen      total 29696K, used 4088K [0x00000000eab00000, 0x00000000ecc00000, 0x0000000100000000)
  eden space 25600K, 0% used [0x00000000eab00000,0x00000000eab00000,0x00000000ec400000)
  from space 4096K, 99% used [0x00000000ec400000,0x00000000ec7fe2e8,0x00000000ec800000)
  to   space 4096K, 0% used [0x00000000ec800000,0x00000000ec800000,0x00000000ecc00000)
 ParOldGen       total 68608K, used 638K [0x00000000c0000000, 0x00000000c4300000, 0x00000000eab00000)
  object space 68608K, 0% used [0x00000000c0000000,0x00000000c009f820,0x00000000c4300000)
 Metaspace       used 12607K, committed 12800K, reserved 1064960K
  class space    used 1268K, committed 1344K, reserved 1048576K
}
Event: 1.633 GC heap before
{Heap before GC invocations=2 (full 0):
 PSYoungGen      total 29696K, used 29688K [0x00000000eab00000, 0x00000000ecc00000, 0x0000000100000000)
  eden space 25600K, 100% used [0x00000000eab00000,0x00000000ec400000,0x00000000ec400000)
  from space 4096K, 99% used [0x00000000ec400000,0x00000000ec7fe2e8,0x00000000ec800000)
  to   space 4096K, 0% used [0x00000000ec800000,0x00000000ec800000,0x00000000ecc00000)
 ParOldGen       total 68608K, used 638K [0x00000000c0000000, 0x00000000c4300000, 0x00000000eab00000)
  object space 68608K, 0% used [0x00000000c0000000,0x00000000c009f820,0x00000000c4300000)
 Metaspace       used 19696K, committed 20032K, reserved 1073152K
  class space    used 1991K, committed 2112K, reserved 1048576K
}
Event: 1.641 GC heap after
{Heap after GC invocations=2 (full 0):
 PSYoungGen      total 29696K, used 4094K [0x00000000eab00000, 0x00000000ecc00000, 0x0000000100000000)
  eden space 25600K, 0% used [0x00000000eab00000,0x00000000eab00000,0x00000000ec400000)
  from space 4096K, 99% used [0x00000000ec800000,0x00000000ecbff9b0,0x00000000ecc00000)
  to   space 4096K, 0% used [0x00000000ec400000,0x00000000ec400000,0x00000000ec800000)
 ParOldGen       total 68608K, used 5726K [0x00000000c0000000, 0x00000000c4300000, 0x00000000eab00000)
  object space 68608K, 8% used [0x00000000c0000000,0x00000000c0597b30,0x00000000c4300000)
 Metaspace       used 19696K, committed 20032K, reserved 1073152K
  class space    used 1991K, committed 2112K, reserved 1048576K
}
Event: 1.820 GC heap before
{Heap before GC invocations=3 (full 0):
 PSYoungGen      total 29696K, used 13424K [0x00000000eab00000, 0x00000000ecc00000, 0x0000000100000000)
  eden space 25600K, 36% used [0x00000000eab00000,0x00000000eb41c758,0x00000000ec400000)
  from space 4096K, 99% used [0x00000000ec800000,0x00000000ecbff9b0,0x00000000ecc00000)
  to   space 4096K, 0% used [0x00000000ec400000,0x00000000ec400000,0x00000000ec800000)
 ParOldGen       total 68608K, used 5726K [0x00000000c0000000, 0x00000000c4300000, 0x00000000eab00000)
  object space 68608K, 8% used [0x00000000c0000000,0x00000000c0597b30,0x00000000c4300000)
 Metaspace       used 21044K, committed 21504K, reserved 1073152K
  class space    used 2144K, committed 2368K, reserved 1048576K
}
Event: 1.826 GC heap after
{Heap after GC invocations=3 (full 0):
 PSYoungGen      total 29696K, used 4081K [0x00000000eab00000, 0x00000000ecc00000, 0x0000000100000000)
  eden space 25600K, 0% used [0x00000000eab00000,0x00000000eab00000,0x00000000ec400000)
  from space 4096K, 99% used [0x00000000ec400000,0x00000000ec7fc470,0x00000000ec800000)
  to   space 4096K, 0% used [0x00000000ec800000,0x00000000ec800000,0x00000000ecc00000)
 ParOldGen       total 68608K, used 5968K [0x00000000c0000000, 0x00000000c4300000, 0x00000000eab00000)
  object space 68608K, 8% used [0x00000000c0000000,0x00000000c05d4128,0x00000000c4300000)
 Metaspace       used 21044K, committed 21504K, reserved 1073152K
  class space    used 2144K, committed 2368K, reserved 1048576K
}
Event: 1.826 GC heap before
{Heap before GC invocations=4 (full 1):
 PSYoungGen      total 29696K, used 4081K [0x00000000eab00000, 0x00000000ecc00000, 0x0000000100000000)
  eden space 25600K, 0% used [0x00000000eab00000,0x00000000eab00000,0x00000000ec400000)
  from space 4096K, 99% used [0x00000000ec400000,0x00000000ec7fc470,0x00000000ec800000)
  to   space 4096K, 0% used [0x00000000ec800000,0x00000000ec800000,0x00000000ecc00000)
 ParOldGen       total 68608K, used 5968K [0x00000000c0000000, 0x00000000c4300000, 0x00000000eab00000)
  object space 68608K, 8% used [0x00000000c0000000,0x00000000c05d4128,0x00000000c4300000)
 Metaspace       used 21044K, committed 21504K, reserved 1073152K
  class space    used 2144K, committed 2368K, reserved 1048576K
}
Event: 1.842 GC heap after
{Heap after GC invocations=4 (full 1):
 PSYoungGen      total 29696K, used 0K [0x00000000eab00000, 0x00000000ecc00000, 0x0000000100000000)
  eden space 25600K, 0% used [0x00000000eab00000,0x00000000eab00000,0x00000000ec400000)
  from space 4096K, 0% used [0x00000000ec400000,0x00000000ec400000,0x00000000ec800000)
  to   space 4096K, 0% used [0x00000000ec800000,0x00000000ec800000,0x00000000ecc00000)
 ParOldGen       total 68608K, used 9279K [0x00000000c0000000, 0x00000000c4300000, 0x00000000eab00000)
  object space 68608K, 13% used [0x00000000c0000000,0x00000000c090feb8,0x00000000c4300000)
 Metaspace       used 21044K, committed 21504K, reserved 1073152K
  class space    used 2144K, committed 2368K, reserved 1048576K
}
Event: 2.270 GC heap before
{Heap before GC invocations=5 (full 1):
 PSYoungGen      total 29696K, used 25600K [0x00000000eab00000, 0x00000000ecc00000, 0x0000000100000000)
  eden space 25600K, 100% used [0x00000000eab00000,0x00000000ec400000,0x00000000ec400000)
  from space 4096K, 0% used [0x00000000ec400000,0x00000000ec400000,0x00000000ec800000)
  to   space 4096K, 0% used [0x00000000ec800000,0x00000000ec800000,0x00000000ecc00000)
 ParOldGen       total 68608K, used 9279K [0x00000000c0000000, 0x00000000c4300000, 0x00000000eab00000)
  object space 68608K, 13% used [0x00000000c0000000,0x00000000c090feb8,0x00000000c4300000)
 Metaspace       used 27853K, committed 28288K, reserved 1081344K
  class space    used 2713K, committed 2880K, reserved 1048576K
}
Event: 2.272 GC heap after
{Heap after GC invocations=5 (full 1):
 PSYoungGen      total 29696K, used 1481K [0x00000000eab00000, 0x00000000ecc00000, 0x0000000100000000)
  eden space 25600K, 0% used [0x00000000eab00000,0x00000000eab00000,0x00000000ec400000)
  from space 4096K, 36% used [0x00000000ec800000,0x00000000ec972560,0x00000000ecc00000)
  to   space 4096K, 0% used [0x00000000ec400000,0x00000000ec400000,0x00000000ec800000)
 ParOldGen       total 68608K, used 9287K [0x00000000c0000000, 0x00000000c4300000, 0x00000000eab00000)
  object space 68608K, 13% used [0x00000000c0000000,0x00000000c0911eb8,0x00000000c4300000)
 Metaspace       used 27853K, committed 28288K, reserved 1081344K
  class space    used 2713K, committed 2880K, reserved 1048576K
}
Event: 3.210 GC heap before
{Heap before GC invocations=6 (full 1):
 PSYoungGen      total 29696K, used 22357K [0x00000000eab00000, 0x00000000ecc00000, 0x0000000100000000)
  eden space 25600K, 81% used [0x00000000eab00000,0x00000000ebf62fc0,0x00000000ec400000)
  from space 4096K, 36% used [0x00000000ec800000,0x00000000ec972560,0x00000000ecc00000)
  to   space 4096K, 0% used [0x00000000ec400000,0x00000000ec400000,0x00000000ec800000)
 ParOldGen       total 68608K, used 9287K [0x00000000c0000000, 0x00000000c4300000, 0x00000000eab00000)
  object space 68608K, 13% used [0x00000000c0000000,0x00000000c0911eb8,0x00000000c4300000)
 Metaspace       used 35243K, committed 35840K, reserved 1081344K
  class space    used 3645K, committed 3904K, reserved 1048576K
}
Event: 3.213 GC heap after
{Heap after GC invocations=6 (full 1):
 PSYoungGen      total 29696K, used 3742K [0x00000000eab00000, 0x00000000ecd00000, 0x0000000100000000)
  eden space 25600K, 0% used [0x00000000eab00000,0x00000000eab00000,0x00000000ec400000)
  from space 4096K, 91% used [0x00000000ec400000,0x00000000ec7a7ac8,0x00000000ec800000)
  to   space 4608K, 0% used [0x00000000ec880000,0x00000000ec880000,0x00000000ecd00000)
 ParOldGen       total 68608K, used 9295K [0x00000000c0000000, 0x00000000c4300000, 0x00000000eab00000)
  object space 68608K, 13% used [0x00000000c0000000,0x00000000c0913eb8,0x00000000c4300000)
 Metaspace       used 35243K, committed 35840K, reserved 1081344K
  class space    used 3645K, committed 3904K, reserved 1048576K
}
Event: 3.213 GC heap before
{Heap before GC invocations=7 (full 2):
 PSYoungGen      total 29696K, used 3742K [0x00000000eab00000, 0x00000000ecd00000, 0x0000000100000000)
  eden space 25600K, 0% used [0x00000000eab00000,0x00000000eab00000,0x00000000ec400000)
  from space 4096K, 91% used [0x00000000ec400000,0x00000000ec7a7ac8,0x00000000ec800000)
  to   space 4608K, 0% used [0x00000000ec880000,0x00000000ec880000,0x00000000ecd00000)
 ParOldGen       total 68608K, used 9295K [0x00000000c0000000, 0x00000000c4300000, 0x00000000eab00000)
  object space 68608K, 13% used [0x00000000c0000000,0x00000000c0913eb8,0x00000000c4300000)
 Metaspace       used 35243K, committed 35840K, reserved 1081344K
  class space    used 3645K, committed 3904K, reserved 1048576K
}
Event: 3.238 GC heap after
{Heap after GC invocations=7 (full 2):
 PSYoungGen      total 29696K, used 0K [0x00000000eab00000, 0x00000000ecd00000, 0x0000000100000000)
  eden space 25600K, 0% used [0x00000000eab00000,0x00000000eab00000,0x00000000ec400000)
  from space 4096K, 0% used [0x00000000ec400000,0x00000000ec400000,0x00000000ec800000)
  to   space 4608K, 0% used [0x00000000ec880000,0x00000000ec880000,0x00000000ecd00000)
 ParOldGen       total 68608K, used 12323K [0x00000000c0000000, 0x00000000c4300000, 0x00000000eab00000)
  object space 68608K, 17% used [0x00000000c0000000,0x00000000c0c08d10,0x00000000c4300000)
 Metaspace       used 35243K, committed 35840K, reserved 1081344K
  class space    used 3645K, committed 3904K, reserved 1048576K
}
Event: 3.756 GC heap before
{Heap before GC invocations=8 (full 2):
 PSYoungGen      total 29696K, used 25600K [0x00000000eab00000, 0x00000000ecd00000, 0x0000000100000000)
  eden space 25600K, 100% used [0x00000000eab00000,0x00000000ec400000,0x00000000ec400000)
  from space 4096K, 0% used [0x00000000ec400000,0x00000000ec400000,0x00000000ec800000)
  to   space 4608K, 0% used [0x00000000ec880000,0x00000000ec880000,0x00000000ecd00000)
 ParOldGen       total 68608K, used 12323K [0x00000000c0000000, 0x00000000c4300000, 0x00000000eab00000)
  object space 68608K, 17% used [0x00000000c0000000,0x00000000c0c08d10,0x00000000c4300000)
 Metaspace       used 39176K, committed 39936K, reserved 1089536K
  class space    used 4145K, committed 4480K, reserved 1048576K
}
Event: 3.758 GC heap after
{Heap after GC invocations=8 (full 2):
 PSYoungGen      total 28160K, used 2583K [0x00000000eab00000, 0x00000000ecb80000, 0x0000000100000000)
  eden space 25088K, 0% used [0x00000000eab00000,0x00000000eab00000,0x00000000ec380000)
  from space 3072K, 84% used [0x00000000ec880000,0x00000000ecb05ca8,0x00000000ecb80000)
  to   space 3072K, 0% used [0x00000000ec580000,0x00000000ec580000,0x00000000ec880000)
 ParOldGen       total 68608K, used 12331K [0x00000000c0000000, 0x00000000c4300000, 0x00000000eab00000)
  object space 68608K, 17% used [0x00000000c0000000,0x00000000c0c0ad10,0x00000000c4300000)
 Metaspace       used 39176K, committed 39936K, reserved 1089536K
  class space    used 4145K, committed 4480K, reserved 1048576K
}

Deoptimization events (20 events):
Event: 3.663 Thread 0x000001bd2f7a2570 DEOPT PACKING pc=0x000001bd22f7e1f8 sp=0x0000003a971fdc50
Event: 3.663 Thread 0x000001bd2f7a2570 DEOPT UNPACKING pc=0x000001bd1b3c20a3 sp=0x0000003a971fdbe0 mode 2
Event: 3.677 Thread 0x000001bd2f7a1230 Uncommon trap: trap_request=0xffffff45 fr.pc=0x000001bd22f4070c relative=0x00000000000005cc
Event: 3.677 Thread 0x000001bd2f7a1230 Uncommon trap: reason=unstable_if action=reinterpret pc=0x000001bd22f4070c method=java.util.TreeMap.put(Ljava/lang/Object;Ljava/lang/Object;Z)Ljava/lang/Object; @ 27 c2
Event: 3.677 Thread 0x000001bd2f7a1230 DEOPT PACKING pc=0x000001bd22f4070c sp=0x0000003a972fcd20
Event: 3.677 Thread 0x000001bd2f7a1230 DEOPT UNPACKING pc=0x000001bd1b3c20a3 sp=0x0000003a972fccb0 mode 2
Event: 3.725 Thread 0x000001bd2f7a1230 DEOPT PACKING pc=0x000001bd1c00b5f9 sp=0x0000003a972fc780
Event: 3.725 Thread 0x000001bd2f7a1230 DEOPT UNPACKING pc=0x000001bd1b3c2843 sp=0x0000003a972fbc00 mode 0
Event: 3.735 Thread 0x000001bd2f7a2570 DEOPT PACKING pc=0x000001bd1c013b59 sp=0x0000003a971fdca0
Event: 3.735 Thread 0x000001bd2f7a2570 DEOPT UNPACKING pc=0x000001bd1b3c2843 sp=0x0000003a971fd0f8 mode 0
Event: 3.875 Thread 0x000001bd2f7a1230 Uncommon trap: trap_request=0xffffff45 fr.pc=0x000001bd22ef5378 relative=0x00000000000000d8
Event: 3.875 Thread 0x000001bd2f7a1230 Uncommon trap: reason=unstable_if action=reinterpret pc=0x000001bd22ef5378 method=java.lang.CharacterDataLatin1.digit(II)I @ 12 c2
Event: 3.875 Thread 0x000001bd2f7a1230 DEOPT PACKING pc=0x000001bd22ef5378 sp=0x0000003a972feb40
Event: 3.875 Thread 0x000001bd2f7a1230 DEOPT UNPACKING pc=0x000001bd1b3c20a3 sp=0x0000003a972fe9f8 mode 2
Event: 3.977 Thread 0x000001bd2f7a1230 Uncommon trap: trap_request=0xffffff45 fr.pc=0x000001bd22e53dc8 relative=0x00000000000000a8
Event: 3.977 Thread 0x000001bd2f7a1230 Uncommon trap: reason=unstable_if action=reinterpret pc=0x000001bd22e53dc8 method=java.lang.CharacterDataLatin1.digit(II)I @ 12 c2
Event: 3.977 Thread 0x000001bd2f7a1230 DEOPT PACKING pc=0x000001bd22e53dc8 sp=0x0000003a972fe8c0
Event: 3.977 Thread 0x000001bd2f7a1230 DEOPT UNPACKING pc=0x000001bd1b3c20a3 sp=0x0000003a972fe838 mode 2
Event: 4.036 Thread 0x000001bd2f7a1230 DEOPT PACKING pc=0x000001bd1bfe10ef sp=0x0000003a972fe5f0
Event: 4.036 Thread 0x000001bd2f7a1230 DEOPT UNPACKING pc=0x000001bd1b3c2843 sp=0x0000003a972fdaa8 mode 0

Classes unloaded (0 events):
No events

Classes redefined (0 events):
No events

Internal exceptions (20 events):
Event: 1.954 Thread 0x000001bd2f7a1230 Exception <a 'java/lang/NoSuchMethodError'{0x00000000ead9ccc0}: 'int java.lang.invoke.DirectMethodHandle$Holder.invokeVirtual(java.lang.Object, java.lang.Object)'> (0x00000000ead9ccc0) 
thrown [e:\jenkins\tmp\workspace\build\src\src\hotspot\share\interpreter\linkResolver.cpp, line 766]
Event: 2.287 Thread 0x000001bd2fb39540 Exception <a 'java/lang/ClassNotFoundException'{0x00000000eab31d90}: com/sun/org/apache/xerces/internal/impl/msg/spi/DOMMessagesProvider> (0x00000000eab31d90) 
thrown [e:\jenkins\tmp\workspace\build\src\src\hotspot\share\classfile\systemDictionary.cpp, line 256]
Event: 2.289 Thread 0x000001bd2fb39540 Exception <a 'java/lang/ClassNotFoundException'{0x00000000eab59d98}: com/sun/org/apache/xerces/internal/impl/msg/spi/XMLSerializerMessagesProvider> (0x00000000eab59d98) 
thrown [e:\jenkins\tmp\workspace\build\src\src\hotspot\share\classfile\systemDictionary.cpp, line 256]
Event: 2.290 Thread 0x000001bd2fb39540 Exception <a 'java/lang/ClassNotFoundException'{0x00000000eab72090}: com/sun/org/apache/xerces/internal/impl/msg/spi/XMLMessagesProvider> (0x00000000eab72090) 
thrown [e:\jenkins\tmp\workspace\build\src\src\hotspot\share\classfile\systemDictionary.cpp, line 256]
Event: 2.338 Thread 0x000001bd2fb39540 Exception <a 'java/lang/NoSuchMethodError'{0x00000000eada6410}: 'java.lang.Object java.lang.invoke.DirectMethodHandle$Holder.invokeStaticInit(java.lang.Object, int, int, int, int)'> (0x00000000eada6410) 
thrown [e:\jenkins\tmp\workspace\build\src\src\hotspot\share\interpreter\linkResolver.cpp, line 766]
Event: 2.461 Thread 0x000001bd2fb39540 Exception <a 'java/lang/NoSuchMethodError'{0x00000000eae66258}: 'java.lang.Object java.lang.invoke.DirectMethodHandle$Holder.invokeStaticInit(java.lang.Object, java.lang.Object, int, int, int, int)'> (0x00000000eae66258) 
thrown [e:\jenkins\tmp\workspace\build\src\src\hotspot\share\interpreter\linkResolver.cpp, line 766]
Event: 2.529 Thread 0x000001bd2fb39540 Exception <a 'java/lang/ClassNotFoundException'{0x00000000eaf6c020}: com/sun/org/apache/xml/internal/serializer/spi/XMLEntitiesProvider> (0x00000000eaf6c020) 
thrown [e:\jenkins\tmp\workspace\build\src\src\hotspot\share\classfile\systemDictionary.cpp, line 256]
Event: 2.611 Thread 0x000001bd2fb39540 Exception <a 'java/io/FileNotFoundException'{0x00000000eb16f2f0}> (0x00000000eb16f2f0) 
thrown [e:\jenkins\tmp\workspace\build\src\src\hotspot\share\prims\jni.cpp, line 516]
Event: 2.747 Thread 0x000001bd2fb39540 Exception <a 'java/lang/UnsatisfiedLinkError'{0x00000000eb2baff0}: Não foi possível encontrar o procedimento especificado.
> (0x00000000eb2baff0) 
thrown [e:\jenkins\tmp\workspace\build\src\src\hotspot\share\prims\jni.cpp, line 535]
Event: 2.752 Thread 0x000001bd2fb39540 Exception <a 'java/io/FileNotFoundException'{0x00000000eb2c6d48}> (0x00000000eb2c6d48) 
thrown [e:\jenkins\tmp\workspace\build\src\src\hotspot\share\prims\jni.cpp, line 516]
Event: 2.765 Thread 0x000001bd2fb39540 Exception <a 'java/io/FileNotFoundException'{0x00000000eb2f0c70}> (0x00000000eb2f0c70) 
thrown [e:\jenkins\tmp\workspace\build\src\src\hotspot\share\prims\jni.cpp, line 516]
Event: 2.782 Thread 0x000001bd2fb39540 Exception <a 'java/lang/UnsatisfiedLinkError'{0x00000000eb3f6780}: Não foi possível encontrar o procedimento especificado.
> (0x00000000eb3f6780) 
thrown [e:\jenkins\tmp\workspace\build\src\src\hotspot\share\prims\jni.cpp, line 535]
Event: 2.906 Thread 0x000001bd186e21c0 Exception <a 'java/lang/NoSuchMethodError'{0x00000000eb63b930}: 'void java.lang.invoke.DirectMethodHandle$Holder.invokeStatic(java.lang.Object, java.lang.Object, java.lang.Object, java.lang.Object)'> (0x00000000eb63b930) 
thrown [e:\jenkins\tmp\workspace\build\src\src\hotspot\share\interpreter\linkResolver.cpp, line 766]
Event: 2.949 Thread 0x000001bd2f7a2570 Exception <a 'java/lang/NoSuchMethodError'{0x00000000eaba7370}: 'java.lang.Object java.lang.invoke.DirectMethodHandle$Holder.newInvokeSpecial(java.lang.Object, java.lang.Object, java.lang.Object, java.lang.Object, java.lang.Object)'> (0x00000000eaba7370) 
thrown [e:\jenkins\tmp\workspace\build\src\src\hotspot\share\interpreter\linkResolver.cpp, line 766]
Event: 3.123 Thread 0x000001bd186e21c0 Exception <a 'java/lang/NoSuchMethodError'{0x00000000ebc16938}: 'void java.lang.invoke.DirectMethodHandle$Holder.invokeSpecial(java.lang.Object, java.lang.Object, java.lang.Object, java.lang.Object, java.lang.Object, java.lang.Object)'> (0x00000000ebc16938) 
thrown [e:\jenkins\tmp\workspace\build\src\src\hotspot\share\interpreter\linkResolver.cpp, line 766]
Event: 3.372 Thread 0x000001bd2f7a2a40 Exception <a 'java/io/FileNotFoundException'{0x00000000eabfd2f8}> (0x00000000eabfd2f8) 
thrown [e:\jenkins\tmp\workspace\build\src\src\hotspot\share\prims\jni.cpp, line 516]
Event: 3.549 Thread 0x000001bd2f7a2570 Exception <a 'java/lang/NoClassDefFoundError'{0x00000000eb2d8a30}: javax/enterprise/inject/Typed> (0x00000000eb2d8a30) 
thrown [e:\jenkins\tmp\workspace\build\src\src\hotspot\share\classfile\systemDictionary.cpp, line 245]
Event: 3.571 Thread 0x000001bd2f7a2570 Implicit null exception at 0x000001bd22eddbdc to 0x000001bd22edde44
Event: 3.573 Thread 0x000001bd2f7a1230 Exception <a 'sun/nio/fs/WindowsException'{0x00000000eb4a5290}> (0x00000000eb4a5290) 
thrown [e:\jenkins\tmp\workspace\build\src\src\hotspot\share\prims\jni.cpp, line 516]
Event: 3.583 Thread 0x000001bd2f7a2570 Implicit null exception at 0x000001bd22ec8156 to 0x000001bd22ec83b8

VM Operations (20 events):
Event: 3.533 Executing VM operation: HandshakeAllThreads
Event: 3.533 Executing VM operation: HandshakeAllThreads done
Event: 3.555 Executing VM operation: HandshakeAllThreads
Event: 3.555 Executing VM operation: HandshakeAllThreads done
Event: 3.563 Executing VM operation: HandshakeAllThreads
Event: 3.564 Executing VM operation: HandshakeAllThreads done
Event: 3.574 Executing VM operation: HandshakeAllThreads
Event: 3.574 Executing VM operation: HandshakeAllThreads done
Event: 3.755 Executing VM operation: ParallelGCFailedAllocation
Event: 3.758 Executing VM operation: ParallelGCFailedAllocation done
Event: 3.847 Executing VM operation: HandshakeAllThreads
Event: 3.847 Executing VM operation: HandshakeAllThreads done
Event: 3.874 Executing VM operation: HandshakeAllThreads
Event: 3.874 Executing VM operation: HandshakeAllThreads done
Event: 3.886 Executing VM operation: HandshakeAllThreads
Event: 3.886 Executing VM operation: HandshakeAllThreads done
Event: 4.008 Executing VM operation: HandshakeAllThreads
Event: 4.008 Executing VM operation: HandshakeAllThreads done
Event: 4.031 Executing VM operation: HandshakeAllThreads
Event: 4.031 Executing VM operation: HandshakeAllThreads done

Events (20 events):
Event: 4.040 loading class sun/security/ssl/ECDHKeyExchange$ECDHEPossessionGenerator
Event: 4.041 loading class sun/security/ssl/ECDHKeyExchange$ECDHEPossessionGenerator done
Event: 4.041 loading class sun/security/ssl/ECDHKeyExchange$ECDHKAGenerator
Event: 4.041 loading class sun/security/ssl/ECDHKeyExchange$ECDHKAGenerator done
Event: 4.041 loading class sun/security/ssl/ECDHKeyExchange$ECDHEKAGenerator
Event: 4.041 loading class sun/security/ssl/ECDHKeyExchange$ECDHEKAGenerator done
Event: 4.041 loading class sun/security/ssl/ECDHKeyExchange$ECDHEXDHKAGenerator
Event: 4.041 loading class sun/security/ssl/ECDHKeyExchange$ECDHEXDHKAGenerator done
Event: 4.041 loading class sun/security/ssl/XDHKeyExchange$XDHEPossession
Event: 4.041 loading class sun/security/ssl/XDHKeyExchange$XDHEPossession done
Event: 4.045 loading class sun/security/jca/JCAUtil
Event: 4.045 loading class sun/security/jca/JCAUtil done
Event: 4.045 loading class sun/security/jca/JCAUtil$CachedSecureRandomHolder
Event: 4.045 loading class sun/security/jca/JCAUtil$CachedSecureRandomHolder done
Event: 4.046 loading class sun/security/util/math/intpoly/IntegerPolynomial$MutableElement
Event: 4.046 loading class sun/security/util/math/MutableIntegerModuloP
Event: 4.046 loading class sun/security/util/math/MutableIntegerModuloP done
Event: 4.046 loading class sun/security/util/math/intpoly/IntegerPolynomial$MutableElement done
Event: 4.054 loading class java/security/KeyPair
Event: 4.055 loading class java/security/KeyPair done


Dynamic libraries:
0x00007ff73caa0000 - 0x00007ff73caae000 	c:\Users\Regna\.vscode\extensions\redhat.java-1.8.0-win32-x64\jre\17.0.3-win32-x86_64\bin\java.exe
0x00007ff99b660000 - 0x00007ff99b869000 	C:\Windows\SYSTEM32\ntdll.dll
0x00007ff99a410000 - 0x00007ff99a4cd000 	C:\Windows\System32\KERNEL32.DLL
0x00007ff999050000 - 0x00007ff9993c9000 	C:\Windows\System32\KERNELBASE.dll
0x00007ff998c80000 - 0x00007ff998d91000 	C:\Windows\System32\ucrtbase.dll
0x00007ff9801e0000 - 0x00007ff9801f9000 	c:\Users\Regna\.vscode\extensions\redhat.java-1.8.0-win32-x64\jre\17.0.3-win32-x86_64\bin\VCRUNTIME140.dll
0x00007ff98b770000 - 0x00007ff98b788000 	c:\Users\Regna\.vscode\extensions\redhat.java-1.8.0-win32-x64\jre\17.0.3-win32-x86_64\bin\jli.dll
0x00007ff99b050000 - 0x00007ff99b1fc000 	C:\Windows\System32\USER32.dll
0x00007ff998c50000 - 0x00007ff998c76000 	C:\Windows\System32\win32u.dll
0x00007ff97e680000 - 0x00007ff97e925000 	C:\Windows\WinSxS\amd64_microsoft.windows.common-controls_6595b64144ccf1df_6.0.22000.120_none_9d947278b86cc467\COMCTL32.dll
0x00007ff99b240000 - 0x00007ff99b269000 	C:\Windows\System32\GDI32.dll
0x00007ff9993d0000 - 0x00007ff9994e2000 	C:\Windows\System32\gdi32full.dll
0x00007ff9995f0000 - 0x00007ff999693000 	C:\Windows\System32\msvcrt.dll
0x00007ff998b40000 - 0x00007ff998bdd000 	C:\Windows\System32\msvcp_win.dll
0x00007ff99b200000 - 0x00007ff99b231000 	C:\Windows\System32\IMM32.DLL
0x00007ff98f1d0000 - 0x00007ff98f1dc000 	c:\Users\Regna\.vscode\extensions\redhat.java-1.8.0-win32-x64\jre\17.0.3-win32-x86_64\bin\vcruntime140_1.dll
0x00007ff938770000 - 0x00007ff938801000 	c:\Users\Regna\.vscode\extensions\redhat.java-1.8.0-win32-x64\jre\17.0.3-win32-x86_64\bin\msvcp140.dll
0x00007ff9102f0000 - 0x00007ff910f38000 	c:\Users\Regna\.vscode\extensions\redhat.java-1.8.0-win32-x64\jre\17.0.3-win32-x86_64\bin\server\jvm.dll
0x00007ff99b500000 - 0x00007ff99b5ae000 	C:\Windows\System32\ADVAPI32.dll
0x00007ff99b460000 - 0x00007ff99b4fe000 	C:\Windows\System32\sechost.dll
0x00007ff999c60000 - 0x00007ff999d80000 	C:\Windows\System32\RPCRT4.dll
0x00007ff9994f0000 - 0x00007ff9994f8000 	C:\Windows\System32\PSAPI.DLL
0x00007ff975700000 - 0x00007ff975709000 	C:\Windows\SYSTEM32\WSOCK32.dll
0x00007ff99b5b0000 - 0x00007ff99b61f000 	C:\Windows\System32\WS2_32.dll
0x00007ff990280000 - 0x00007ff99028a000 	C:\Windows\SYSTEM32\VERSION.dll
0x00007ff992a20000 - 0x00007ff992a53000 	C:\Windows\SYSTEM32\WINMM.dll
0x00007ff997c40000 - 0x00007ff997c58000 	C:\Windows\SYSTEM32\kernel.appcore.dll
0x00007ff98f1b0000 - 0x00007ff98f1ba000 	c:\Users\Regna\.vscode\extensions\redhat.java-1.8.0-win32-x64\jre\17.0.3-win32-x86_64\bin\jimage.dll
0x00007ff9968f0000 - 0x00007ff996b11000 	C:\Windows\SYSTEM32\DBGHELP.DLL
0x00007ff9884d0000 - 0x00007ff988501000 	C:\Windows\SYSTEM32\dbgcore.DLL
0x00007ff998da0000 - 0x00007ff998e1f000 	C:\Windows\System32\bcryptPrimitives.dll
0x00007ff96a010000 - 0x00007ff96a035000 	c:\Users\Regna\.vscode\extensions\redhat.java-1.8.0-win32-x64\jre\17.0.3-win32-x86_64\bin\java.dll
0x00007ff97ab90000 - 0x00007ff97aba8000 	c:\Users\Regna\.vscode\extensions\redhat.java-1.8.0-win32-x64\jre\17.0.3-win32-x86_64\bin\zip.dll
0x00007ff99a880000 - 0x00007ff99b038000 	C:\Windows\System32\SHELL32.dll
0x00007ff996cb0000 - 0x00007ff997517000 	C:\Windows\SYSTEM32\windows.storage.dll
0x00007ff999d80000 - 0x00007ff99a0f9000 	C:\Windows\System32\combase.dll
0x00007ff996b40000 - 0x00007ff996ca6000 	C:\Windows\SYSTEM32\wintypes.dll
0x00007ff99b370000 - 0x00007ff99b45a000 	C:\Windows\System32\SHCORE.dll
0x00007ff99b270000 - 0x00007ff99b2cd000 	C:\Windows\System32\shlwapi.dll
0x00007ff998a70000 - 0x00007ff998a91000 	C:\Windows\SYSTEM32\profapi.dll
0x00007ff97f7e0000 - 0x00007ff97f7f9000 	C:\Users\Regna\.vscode\extensions\redhat.java-1.8.0-win32-x64\jre\17.0.3-win32-x86_64\bin\net.dll
0x00007ff9926a0000 - 0x00007ff9927ac000 	C:\Windows\SYSTEM32\WINHTTP.dll
0x00007ff998070000 - 0x00007ff9980d7000 	C:\Windows\system32\mswsock.dll
0x00007ff97a970000 - 0x00007ff97a985000 	C:\Users\Regna\.vscode\extensions\redhat.java-1.8.0-win32-x64\jre\17.0.3-win32-x86_64\bin\nio.dll
0x00007ff977890000 - 0x00007ff9778ce000 	C:\Users\Regna\AppData\Roaming\Code\User\globalStorage\redhat.java\1.8.0\config_win\org.eclipse.equinox.launcher\org.eclipse.equinox.launcher.win32.win32.x86_64_1.2.500.v20220509-0833\eclipse_11700.dll
0x00007ff99a5c0000 - 0x00007ff99a75a000 	C:\Windows\System32\ole32.dll
0x00007ff98eeb0000 - 0x00007ff98eec0000 	c:\Users\Regna\.vscode\extensions\redhat.java-1.8.0-win32-x64\jre\17.0.3-win32-x86_64\bin\verify.dll
0x00007ff998320000 - 0x00007ff998338000 	C:\Windows\SYSTEM32\CRYPTSP.dll
0x00007ff997ba0000 - 0x00007ff997bd5000 	C:\Windows\system32\rsaenh.dll
0x00007ff998160000 - 0x00007ff998189000 	C:\Windows\SYSTEM32\USERENV.dll
0x00007ff9984a0000 - 0x00007ff9984c7000 	C:\Windows\SYSTEM32\bcrypt.dll
0x00007ff998340000 - 0x00007ff99834c000 	C:\Windows\SYSTEM32\CRYPTBASE.dll
0x00007ff9977b0000 - 0x00007ff9977dd000 	C:\Windows\SYSTEM32\IPHLPAPI.DLL
0x00007ff99a400000 - 0x00007ff99a409000 	C:\Windows\System32\NSI.dll
0x00007ff9929b0000 - 0x00007ff9929c9000 	C:\Windows\SYSTEM32\dhcpcsvc6.DLL
0x00007ff992b60000 - 0x00007ff992b7e000 	C:\Windows\SYSTEM32\dhcpcsvc.DLL
0x00007ff9977e0000 - 0x00007ff9978c8000 	C:\Windows\SYSTEM32\DNSAPI.dll
0x00007ff93dc50000 - 0x00007ff93dc94000 	C:\Users\Regna\AppData\Local\Temp\jna-78840103\jna16653282255701329783.dll
0x00007ff98b4c0000 - 0x00007ff98b4ce000 	C:\Users\Regna\.vscode\extensions\redhat.java-1.8.0-win32-x64\jre\17.0.3-win32-x86_64\bin\sunmscapi.dll
0x00007ff998e20000 - 0x00007ff998f82000 	C:\Windows\System32\CRYPT32.dll
0x00007ff998470000 - 0x00007ff998498000 	C:\Windows\SYSTEM32\ncrypt.dll
0x00007ff998430000 - 0x00007ff998467000 	C:\Windows\SYSTEM32\NTASN1.dll
0x00007ff98b560000 - 0x00007ff98b56a000 	C:\Windows\System32\rasadhlp.dll
0x00007ff9902e0000 - 0x00007ff990361000 	C:\Windows\System32\fwpuclnt.dll

dbghelp: loaded successfully - version: 4.0.5 - missing functions: none
symbol engine: initialized successfully - sym options: 0x614 - pdb path: .;c:\Users\Regna\.vscode\extensions\redhat.java-1.8.0-win32-x64\jre\17.0.3-win32-x86_64\bin;C:\Windows\SYSTEM32;C:\Windows\WinSxS\amd64_microsoft.windows.common-controls_6595b64144ccf1df_6.0.22000.120_none_9d947278b86cc467;c:\Users\Regna\.vscode\extensions\redhat.java-1.8.0-win32-x64\jre\17.0.3-win32-x86_64\bin\server;C:\Users\Regna\AppData\Roaming\Code\User\globalStorage\redhat.java\1.8.0\config_win\org.eclipse.equinox.launcher\org.eclipse.equinox.launcher.win32.win32.x86_64_1.2.500.v20220509-0833;C:\Users\Regna\AppData\Local\Temp\jna-78840103

VM Arguments:
jvm_args: --add-modules=ALL-SYSTEM --add-opens=java.base/java.util=ALL-UNNAMED --add-opens=java.base/java.lang=ALL-UNNAMED --add-opens=java.base/sun.nio.fs=ALL-UNNAMED -Declipse.application=org.eclipse.jdt.ls.core.id1 -Dosgi.bundles.defaultStartLevel=4 -Declipse.product=org.eclipse.jdt.ls.core.product -Djava.import.generatesMetadataFilesAtProjectRoot=false -Dfile.encoding=utf8 -DwatchParentProcess=false -XX:+UseParallelGC -XX:GCTimeRatio=4 -XX:AdaptiveSizePolicyWeight=90 -Dsun.zip.disableMemoryMapping=true -Xmx1G -Xms100m -XX:+HeapDumpOnOutOfMemoryError -XX:HeapDumpPath=c:\Users\Regna\AppData\Roaming\Code\User\workspaceStorage\b94b6f5e0ff8d91ceb3ad771831e204b\redhat.java 
java_command: c:\Users\Regna\.vscode\extensions\redhat.java-1.8.0-win32-x64\server\plugins\org.eclipse.equinox.launcher_1.6.400.v20210924-0641.jar -configuration c:\Users\Regna\AppData\Roaming\Code\User\globalStorage\redhat.java\1.8.0\config_win -data c:\Users\Regna\AppData\Roaming\Code\User\workspaceStorage\b94b6f5e0ff8d91ceb3ad771831e204b\redhat.java\jdt_ws
java_class_path (initial): c:\Users\Regna\.vscode\extensions\redhat.java-1.8.0-win32-x64\server\plugins\org.eclipse.equinox.launcher_1.6.400.v20210924-0641.jar
Launcher Type: SUN_STANDARD

[Global flags]
    uintx AdaptiveSizePolicyWeight                 = 90                                        {product} {command line}
     intx CICompilerCount                          = 4                                         {product} {ergonomic}
    uintx GCTimeRatio                              = 4                                         {product} {command line}
     bool HeapDumpOnOutOfMemoryError               = true                                   {manageable} {command line}
    ccstr HeapDumpPath                             = c:\Users\Regna\AppData\Roaming\Code\User\workspaceStorage\b94b6f5e0ff8d91ceb3ad771831e204b\redhat.java         {manageable} {command line}
   size_t InitialHeapSize                          = 104857600                                 {product} {command line}
   size_t MaxHeapSize                              = 1073741824                                {product} {command line}
   size_t MaxNewSize                               = 357564416                                 {product} {ergonomic}
   size_t MinHeapDeltaBytes                        = 524288                                    {product} {ergonomic}
   size_t MinHeapSize                              = 104857600                                 {product} {command line}
   size_t NewSize                                  = 34603008                                  {product} {ergonomic}
    uintx NonNMethodCodeHeapSize                   = 5839372                                {pd product} {ergonomic}
    uintx NonProfiledCodeHeapSize                  = 122909434                              {pd product} {ergonomic}
   size_t OldSize                                  = 70254592                                  {product} {ergonomic}
    uintx ProfiledCodeHeapSize                     = 122909434                              {pd product} {ergonomic}
    uintx ReservedCodeCacheSize                    = 251658240                              {pd product} {ergonomic}
     bool SegmentedCodeCache                       = true                                      {product} {ergonomic}
   size_t SoftMaxHeapSize                          = 1073741824                             {manageable} {ergonomic}
     bool UseCompressedClassPointers               = true                           {product lp64_product} {ergonomic}
     bool UseCompressedOops                        = true                           {product lp64_product} {ergonomic}
     bool UseLargePagesIndividualAllocation        = false                                  {pd product} {ergonomic}
     bool UseParallelGC                            = true                                      {product} {command line}

Logging:
Log output configuration:
 #0: stdout all=warning uptime,level,tags
 #1: stderr all=off uptime,level,tags

Environment Variables:
PATH=C:\Program Files\Eclipse Adoptium\jdk-17.0.3.7-hotspot\bin;C:\Program Files\Common Files\Oracle\Java\javapath;C:\Windows\system32;C:\Windows;C:\Windows\System32\Wbem;C:\Windows\System32\WindowsPowerShell\v1.0\;C:\Windows\System32\OpenSSH\;C:\Program Files\Git\cmd;C:\Program Files\nodejs\;C:\ProgramData\chocolatey\bin;C:\Users\Regna\AppData\Local\Microsoft\WindowsApps;C:\Users\Regna\AppData\Local\Programs\Microsoft VS Code\bin;C:\Users\Regna\AppData\Roaming\npm;C:\Users\Regna\AppData\Local\GitHubDesktop\bin
USERNAME=Regna
OS=Windows_NT
PROCESSOR_IDENTIFIER=AMD64 Family 23 Model 104 Stepping 1, AuthenticAMD



---------------  S Y S T E M  ---------------

OS:
 Windows 11 , 64 bit Build 22000 (10.0.22000.708)
OS uptime: 7 days 10:07 hours

CPU: total 12 (initial active 12) (12 cores per cpu, 2 threads per core) family 23 model 104 stepping 1 microcode 0x0, cx8, cmov, fxsr, ht, mmx, 3dnowpref, sse, sse2, sse3, ssse3, sse4a, sse4.1, sse4.2, popcnt, lzcnt, tsc, tscinvbit, avx, avx2, aes, clmul, bmi1, bmi2, adx, sha, fma, vzeroupper, clflush, clflushopt

Memory: 4k page, system-wide physical 6005M (144M free)
TotalPageFile size 24437M (AvailPageFile size 1M)
current process WorkingSet (physical memory assigned to process): 176M, peak: 176M
current process commit charge ("private bytes"): 280M, peak: 280M

vm_info: OpenJDK 64-Bit Server VM (17.0.3+7) for windows-amd64 JRE (17.0.3+7), built on Apr 19 2022 16:55:35 by "" with MS VC++ 16.7 (VS2019)

END.
